# End points of segments: 
#   0.00000000 0.17740610 0.27983140 0.48468200 
0.000000 -0.005964
0.003548 0.323749
0.007096 0.647667
0.010644 0.971750
0.014193 1.296050
0.017741 1.620559
0.021289 1.945206
0.024837 2.269855
0.028385 2.594309
0.031933 2.918318
0.035481 3.241585
0.039029 3.563775
0.042577 3.884529
0.046126 4.203469
0.049674 4.520205
0.053222 4.834342
0.056770 5.145477
0.060318 5.453207
0.063866 5.757124
0.067414 6.056813
0.070962 6.351854
0.074510 6.641811
0.078059 6.926241
0.081607 7.204681
0.085155 7.476655
0.088703 7.741669
0.092251 7.999218
0.095799 8.248782
0.099347 8.489839
0.102896 8.721864
0.106444 8.944344
0.109992 9.156781
0.113540 9.358710
0.117088 9.549706
0.120636 9.729396
0.124184 9.897473
0.127732 10.053704
0.131280 10.197938
0.134829 10.330111
0.138377 10.450249
0.141925 10.558463
0.145473 10.654942
0.149021 10.739946
0.152569 10.813781
0.156117 10.876794
0.159665 10.929338
0.163214 10.971763
0.166762 11.004388
0.170310 11.027483
0.173858 11.041254
0.177406 11.045830

0.177406 3.106703
0.179455 3.106796
0.181503 3.107074
0.183552 3.107541
0.185600 3.108203
0.187649 3.109067
0.189697 3.110143
0.191746 3.111442
0.193794 3.112977
0.195843 3.114766
0.197891 3.116826
0.199940 3.119177
0.201988 3.121841
0.204037 3.124843
0.206085 3.128207
0.208134 3.131964
0.210182 3.136141
0.212231 3.140773
0.214279 3.145891
0.216328 3.151531
0.218376 3.157731
0.220425 3.164530
0.222473 3.171966
0.224522 3.180082
0.226570 3.188920
0.228619 3.198524
0.230667 3.208938
0.232716 3.220207
0.234764 3.232376
0.236813 3.245490
0.238861 3.259595
0.240910 3.274734
0.242958 3.290950
0.245007 3.308285
0.247055 3.326779
0.249104 3.346467
0.251152 3.367383
0.253201 3.389555
0.255249 3.413008
0.257298 3.437755
0.259346 3.463804
0.261395 3.491146
0.263443 3.519756
0.265492 3.549576
0.267540 3.580495
0.269589 3.612312
0.271637 3.644624
0.273686 3.676579
0.275734 3.706145
0.277783 3.728145
0.279831 3.732530

0.279831 3.732530
0.283928 3.715924
0.288025 3.645422
0.292122 3.561452
0.296219 3.471796
0.300316 3.378252
0.304414 3.281501
0.308511 3.181918
0.312607 3.079782
0.316704 2.975342
0.320802 2.868840
0.324898 2.760529
0.328995 2.650676
0.333093 2.539560
0.337190 2.427480
0.341287 2.314748
0.345384 2.201688
0.349481 2.088638
0.353578 1.975940
0.357675 1.863942
0.361772 1.752990
0.365869 1.643429
0.369966 1.535594
0.374063 1.429810
0.378160 1.326386
0.382257 1.225613
0.386354 1.127761
0.390451 1.033075
0.394548 0.941777
0.398645 0.854060
0.402742 0.770091
0.406839 0.690009
0.410936 0.613927
0.415033 0.541930
0.419130 0.474079
0.423227 0.410411
0.427324 0.350937
0.431421 0.295643
0.435518 0.244488
0.439615 0.197391
0.443712 0.154209
0.447809 0.114674
0.451906 0.078169
0.456003 0.042589
0.460100 -0.021793
0.464197 -0.037185
0.468294 -0.037834
0.472391 -0.032269
0.476488 -0.023131
0.480585 -0.011867
0.484682 0.002373


0.000000 -0.003754
0.003548 0.170401
0.007096 0.340451
0.010644 0.509605
0.014193 0.677446
0.017741 0.843547
0.021289 1.007490
0.024837 1.168869
0.028385 1.327288
0.031933 1.482374
0.035481 1.633773
0.039029 1.781159
0.042577 1.924235
0.046126 2.062737
0.049674 2.196439
0.053222 2.325150
0.056770 2.448721
0.060318 2.567043
0.063866 2.680049
0.067414 2.787708
0.070962 2.890031
0.074510 2.987060
0.078059 3.078871
0.081607 3.165567
0.085155 3.247275
0.088703 3.324139
0.092251 3.396320
0.095799 3.463987
0.099347 3.527314
0.102896 3.586478
0.106444 3.641655
0.109992 3.693015
0.113540 3.740722
0.117088 3.784934
0.120636 3.825798
0.124184 3.863455
0.127732 3.898035
0.131280 3.929661
0.134829 3.958447
0.138377 3.984499
0.141925 4.007919
0.145473 4.028800
0.149021 4.047227
0.152569 4.063282
0.156117 4.077038
0.159665 4.088559
0.163214 4.097904
0.166762 4.105121
0.170310 4.110247
0.173858 4.113312
0.177406 4.114331

0.177406 4.114331
0.179455 4.117246
0.181503 4.125982
0.183552 4.140514
0.185600 4.160798
0.187649 4.186772
0.189697 4.218355
0.191746 4.255445
0.193794 4.297922
0.195843 4.345639
0.197891 4.398430
0.199940 4.456104
0.201988 4.518446
0.204037 4.585219
0.206085 4.656160
0.208134 4.730986
0.210182 4.809390
0.212231 4.891047
0.214279 4.975612
0.216328 5.062724
0.218376 5.152006
0.220425 5.243071
0.222473 5.335519
0.224522 5.428946
0.226570 5.522941
0.228619 5.617090
0.230667 5.710980
0.232716 5.804200
0.234764 5.896344
0.236813 5.987015
0.238861 6.075824
0.240910 6.162394
0.242958 6.246364
0.245007 6.327390
0.247055 6.405145
0.249104 6.479327
0.251152 6.549655
0.253201 6.615875
0.255249 6.677761
0.257298 6.735116
0.259346 6.787773
0.261395 6.835598
0.263443 6.878490
0.265492 6.916380
0.267540 6.949232
0.269589 6.977039
0.271637 6.999828
0.273686 7.017651
0.275734 7.030588
0.277783 7.038742
0.279831 7.042235

0.279831 3.875969
0.283928 3.895127
0.288025 3.970961
0.292122 4.062755
0.296219 4.162376
0.300316 4.267624
0.304414 4.377385
0.308511 4.490827
0.312607 4.607214
0.316704 4.725852
0.320802 4.846073
0.324898 4.967239
0.328995 5.088746
0.333093 5.210026
0.337190 5.330561
0.341287 5.449880
0.345384 5.567567
0.349481 5.683266
0.353578 5.796674
0.357675 5.907550
0.361772 6.015706
0.365869 6.121006
0.369966 6.223362
0.374063 6.322729
0.378160 6.419096
0.382257 6.512480
0.386354 6.602920
0.390451 6.690465
0.394548 6.775170
0.398645 6.857086
0.402742 6.936256
0.406839 7.012706
0.410936 7.086439
0.415033 7.157436
0.419130 7.225649
0.423227 7.291002
0.427324 7.353391
0.431421 7.412682
0.435518 7.468720
0.439615 7.521329
0.443712 7.570314
0.447809 7.615472
0.451906 7.656594
0.456003 7.693472
0.460100 7.725904
0.464197 7.753703
0.468294 7.776699
0.472391 7.794745
0.476488 7.807722
0.480585 7.815545
0.484682 7.818158


0.000000 0.002373
0.003548 0.003176
0.007096 0.007232
0.010644 0.014793
0.014193 0.025577
0.017741 0.039509
0.021289 0.056571
0.024837 0.076762
0.028385 0.100084
0.031933 0.126544
0.035481 0.156149
0.039029 0.188906
0.042577 0.224825
0.046126 0.263913
0.049674 0.306179
0.053222 0.351630
0.056770 0.400273
0.060318 0.452113
0.063866 0.507152
0.067414 0.565389
0.070962 0.626820
0.074510 0.691435
0.078059 0.759219
0.081607 0.830149
0.085155 0.904193
0.088703 0.981307
0.092251 1.061439
0.095799 1.144520
0.099347 1.230465
0.102896 1.319171
0.106444 1.410517
0.109992 1.504355
0.113540 1.600512
0.117088 1.698785
0.120636 1.798932
0.124184 1.900674
0.127732 2.003678
0.131280 2.107553
0.134829 2.211835
0.138377 2.315968
0.141925 2.419282
0.145473 2.520961
0.149021 2.620006
0.152569 2.715182
0.156117 2.804968
0.159665 2.887502
0.163214 2.960553
0.166762 3.021565
0.170310 3.067825
0.173858 3.096814
0.177406 3.106703

0.177406 4.864615
0.179455 4.864202
0.181503 4.862964
0.183552 4.860898
0.185600 4.858005
0.187649 4.854281
0.189697 4.849726
0.191746 4.844335
0.193794 4.838105
0.195843 4.831034
0.197891 4.823117
0.199940 4.814351
0.201988 4.804731
0.204037 4.794253
0.206085 4.782914
0.208134 4.770708
0.210182 4.757633
0.212231 4.743685
0.214279 4.728860
0.216328 4.713156
0.218376 4.696571
0.220425 4.679102
0.222473 4.660749
0.224522 4.641511
0.226570 4.621387
0.228619 4.600380
0.230667 4.578489
0.232716 4.555719
0.234764 4.532071
0.236813 4.507550
0.238861 4.482161
0.240910 4.455909
0.242958 4.428802
0.245007 4.400847
0.247055 4.372055
0.249104 4.342436
0.251152 4.312002
0.253201 4.280770
0.255249 4.248758
0.257298 4.215990
0.259346 4.182494
0.261395 4.148312
0.263443 4.113498
0.265492 4.078135
0.267540 4.042351
0.269589 4.006367
0.271637 3.970595
0.273686 3.935893
0.275734 3.904294
0.277783 3.880972
0.279831 3.875969

0.279831 7.042235
0.283928 7.028324
0.288025 6.997434
0.292122 6.951395
0.296219 6.892055
0.300316 6.821210
0.304414 6.740565
0.308511 6.651709
0.312607 6.556094
0.316704 6.455032
0.320802 6.349677
0.324898 6.241023
0.328995 6.129892
0.333093 6.016928
0.337190 5.902595
0.341287 5.787179
0.345384 5.670800
0.349481 5.553426
0.353578 5.434893
0.357675 5.314933
0.361772 5.193199
0.365869 5.069295
0.369966 4.942796
0.374063 4.813277
0.378160 4.680326
0.382257 4.543560
0.386354 4.402641
0.390451 4.257278
0.394548 4.107236
0.398645 3.952345
0.402742 3.792497
0.406839 3.627658
0.410936 3.457867
0.415033 3.283242
0.419130 3.103983
0.423227 2.920376
0.427324 2.732794
0.431421 2.541696
0.435518 2.347623
0.439615 2.151187
0.443712 1.953058
0.447809 1.753938
0.451906 1.554530
0.456003 1.355497
0.460100 1.157416
0.464197 0.960730
0.468294 0.765702
0.472391 0.572381
0.476488 0.380596
0.480585 0.189958
0.484682 -0.003754


0.000000 7.818158
0.003548 7.816190
0.007096 7.810297
0.010644 7.800508
0.014193 7.786871
0.017741 7.769452
0.021289 7.748333
0.024837 7.723611
0.028385 7.695396
0.031933 7.663804
0.035481 7.628963
0.039029 7.591002
0.042577 7.550052
0.046126 7.506243
0.049674 7.459702
0.053222 7.410548
0.056770 7.358892
0.060318 7.304834
0.063866 7.248463
0.067414 7.189854
0.070962 7.129067
0.074510 7.066152
0.078059 7.001143
0.081607 6.934063
0.085155 6.864924
0.088703 6.793731
0.092251 6.720483
0.095799 6.645178
0.099347 6.567815
0.102896 6.488398
0.106444 6.406943
0.109992 6.323481
0.113540 6.238064
0.117088 6.150773
0.120636 6.061720
0.124184 5.971065
0.127732 5.879016
0.131280 5.785850
0.134829 5.691920
0.138377 5.597680
0.141925 5.503704
0.145473 5.410721
0.149021 5.319656
0.152569 5.231672
0.156117 5.148233
0.159665 5.071152
0.163214 5.002617
0.166762 4.945152
0.170310 4.901442
0.173858 4.873990
0.177406 4.864615

0.177406 11.045830
0.179455 11.045179
0.181503 11.043230
0.183552 11.039991
0.185600 11.035477
0.187649 11.029710
0.189697 11.022716
0.191746 11.014528
0.193794 11.005183
0.195843 10.994726
0.197891 10.983205
0.199940 10.970673
0.201988 10.957191
0.204037 10.942820
0.206085 10.927630
0.208134 10.911691
0.210182 10.895081
0.212231 10.877877
0.214279 10.860164
0.216328 10.842027
0.218376 10.823554
0.220425 10.804837
0.222473 10.785967
0.224522 10.767039
0.226570 10.748148
0.228619 10.729391
0.230667 10.710863
0.232716 10.692660
0.234764 10.674875
0.236813 10.657603
0.238861 10.640930
0.240910 10.624944
0.242958 10.609725
0.245007 10.595345
0.247055 10.581873
0.249104 10.569365
0.251152 10.557868
0.253201 10.547416
0.255249 10.538031
0.257298 10.529717
0.259346 10.522466
0.261395 10.516248
0.263443 10.511018
0.265492 10.506714
0.267540 10.503254
0.269589 10.500542
0.271637 10.498462
0.273686 10.496889
0.275734 10.495683
0.277783 10.494695
0.279831 10.493771

0.279831 10.493771
0.283928 10.497294
0.288025 10.499221
0.292122 10.498025
0.296219 10.492320
0.300316 10.480899
0.304414 10.462729
0.308511 10.436941
0.312607 10.402801
0.316704 10.359674
0.320802 10.307004
0.324898 10.244278
0.328995 10.171018
0.333093 10.086772
0.337190 9.991111
0.341287 9.883642
0.345384 9.764019
0.349481 9.631959
0.353578 9.487261
0.357675 9.329815
0.361772 9.159612
0.365869 8.976748
0.369966 8.781419
0.374063 8.573911
0.378160 8.354590
0.382257 8.123886
0.386354 7.882272
0.390451 7.630255
0.394548 7.368356
0.398645 7.097098
0.402742 6.816997
0.406839 6.528556
0.410936 6.232254
0.415033 5.928548
0.419130 5.617870
0.423227 5.300627
0.427324 4.977204
0.431421 4.647965
0.435518 4.313258
0.439615 3.973421
0.443712 3.628785
0.447809 3.279682
0.451906 2.926455
0.456003 2.569456
0.460100 2.209061
0.464197 1.845673
0.468294 1.479722
0.472391 1.111669
0.476488 0.742007
0.480585 0.371242
0.484682 -0.005964


0.000000 21.793483
0.003548 21.810768
0.007096 21.860823
0.010644 21.942995
0.014193 22.055379
0.017741 22.195445
0.021289 22.360118
0.024837 22.545894
0.028385 22.748956
0.031933 22.965298
0.035481 23.190835
0.039029 23.421508
0.042577 23.653375
0.046126 23.882692
0.049674 24.105971
0.053222 24.320038
0.056770 24.522065
0.060318 24.709602
0.063866 24.880592
0.067414 25.033379
0.070962 25.166713
0.074510 25.279742
0.078059 25.372001
0.081607 25.443397
0.085155 25.494189
0.088703 25.524959
0.092251 25.536592
0.095799 25.530236
0.099347 25.507273
0.102896 25.469280
0.106444 25.417991
0.109992 25.355258
0.113540 25.283009
0.117088 25.203208
0.120636 25.117811
0.124184 25.028737
0.127732 24.937824
0.131280 24.846802
0.134829 24.757266
0.138377 24.670658
0.141925 24.588250
0.145473 24.511143
0.149021 24.440260
0.152569 24.376360
0.156117 24.320046
0.159665 24.271785
0.163214 24.231921
0.166762 24.200703
0.170310 24.178301
0.173858 24.164821
0.177406 24.160321

0.177406 23.000190
0.179455 23.000304
0.181503 23.000649
0.183552 23.001234
0.185600 23.002075
0.187649 23.003192
0.189697 23.004611
0.191746 23.006362
0.193794 23.008477
0.195843 23.010994
0.197891 23.013949
0.199940 23.017381
0.201988 23.021329
0.204037 23.025829
0.206085 23.030917
0.208134 23.036625
0.210182 23.042982
0.212231 23.050011
0.214279 23.057731
0.216328 23.066154
0.218376 23.075286
0.220425 23.085124
0.222473 23.095660
0.224522 23.106875
0.226570 23.118743
0.228619 23.131226
0.230667 23.144282
0.232716 23.157855
0.234764 23.171883
0.236813 23.186294
0.238861 23.201008
0.240910 23.215939
0.242958 23.230990
0.245007 23.246063
0.247055 23.261050
0.249104 23.275844
0.251152 23.290333
0.253201 23.304403
0.255249 23.317944
0.257298 23.330843
0.259346 23.342996
0.261395 23.354299
0.263443 23.364659
0.265492 23.373987
0.267540 23.382206
0.269589 23.389248
0.271637 23.395055
0.273686 23.399584
0.275734 23.402800
0.277783 23.404684
0.279831 23.405229

0.279831 23.405229
0.283928 23.403104
0.288025 23.395867
0.292122 23.383857
0.296219 23.367577
0.300316 23.347663
0.304414 23.324850
0.308511 23.299917
0.312607 23.273634
0.316704 23.246704
0.320802 23.219694
0.324898 23.192984
0.328995 23.166719
0.333093 23.140800
0.337190 23.114905
0.341287 23.088556
0.345384 23.061216
0.349481 23.032391
0.353578 23.001715
0.357675 22.968989
0.361772 22.934179
0.365869 22.897383
0.369966 22.858779
0.374063 22.818579
0.378160 22.776993
0.382257 22.734210
0.386354 22.690384
0.390451 22.645634
0.394548 22.600057
0.398645 22.553733
0.402742 22.506739
0.406839 22.459160
0.410936 22.411102
0.415033 22.362704
0.419130 22.314139
0.423227 22.265626
0.427324 22.217431
0.431421 22.169864
0.435518 22.123281
0.439615 22.078079
0.443712 22.034683
0.447809 21.993544
0.451906 21.955125
0.456003 21.919886
0.460100 21.888278
0.464197 21.860724
0.468294 21.837606
0.472391 21.819259
0.476488 21.805952
0.480585 21.797885
0.484682 21.795183


0.000000 21.795183
0.003548 21.796701
0.007096 21.802618
0.010644 21.812284
0.014193 21.825500
0.017741 21.841970
0.021289 21.861332
0.024837 21.883170
0.028385 21.907033
0.031933 21.932447
0.035481 21.958937
0.039029 21.986038
0.042577 22.013316
0.046126 22.040379
0.049674 22.066893
0.053222 22.092588
0.056770 22.117271
0.060318 22.140827
0.063866 22.163223
0.067414 22.184507
0.070962 22.204801
0.074510 22.224301
0.078059 22.243259
0.081607 22.261977
0.085155 22.280791
0.088703 22.300055
0.092251 22.320129
0.095799 22.341354
0.099347 22.364045
0.102896 22.388470
0.106444 22.414835
0.109992 22.443276
0.113540 22.473845
0.117088 22.506505
0.120636 22.541127
0.124184 22.577488
0.127732 22.615273
0.131280 22.654086
0.134829 22.693452
0.138377 22.732837
0.141925 22.771656
0.145473 22.809295
0.149021 22.845122
0.152569 22.878513
0.156117 22.908862
0.159665 22.935606
0.163214 22.958236
0.166762 22.976315
0.170310 22.989491
0.173858 22.997502
0.177406 23.000190

0.177406 24.160321
0.179455 24.160974
0.181503 24.162928
0.183552 24.166169
0.185600 24.170675
0.187649 24.176415
0.189697 24.183351
0.191746 24.191437
0.193794 24.200621
0.195843 24.210844
0.197891 24.222043
0.199940 24.234153
0.201988 24.247103
0.204037 24.260820
0.206085 24.275231
0.208134 24.290260
0.210182 24.305833
0.212231 24.321874
0.214279 24.338309
0.216328 24.355064
0.218376 24.372067
0.220425 24.389249
0.222473 24.406542
0.224522 24.423880
0.226570 24.441200
0.228619 24.458441
0.230667 24.475545
0.232716 24.492456
0.234764 24.509120
0.236813 24.525488
0.238861 24.541509
0.240910 24.557137
0.242958 24.572328
0.245007 24.587039
0.247055 24.601227
0.249104 24.614851
0.251152 24.627873
0.253201 24.640253
0.255249 24.651953
0.257298 24.662933
0.259346 24.673155
0.261395 24.682582
0.263443 24.691176
0.265492 24.698899
0.267540 24.705715
0.269589 24.711588
0.271637 24.716484
0.273686 24.720372
0.275734 24.723224
0.277783 24.725016
0.279831 24.725729

0.279831 24.725729
0.283928 24.722841
0.288025 24.715562
0.292122 24.704047
0.296219 24.688615
0.300316 24.669770
0.304414 24.648223
0.308511 24.624903
0.312607 24.600954
0.316704 24.577734
0.320802 24.556791
0.324898 24.539833
0.328995 24.528663
0.333093 24.525092
0.337190 24.530811
0.341287 24.547229
0.345384 24.575299
0.349481 24.615351
0.353578 24.666976
0.357675 24.728979
0.361772 24.799405
0.365869 24.875628
0.369966 24.954479
0.374063 25.032397
0.378160 25.105577
0.382257 25.170127
0.386354 25.222205
0.390451 25.258151
0.394548 25.274613
0.398645 25.268650
0.402742 25.237834
0.406839 25.180334
0.410936 25.094988
0.415033 24.981364
0.419130 24.839806
0.423227 24.671465
0.427324 24.478318
0.431421 24.263166
0.435518 24.029612
0.439615 23.782025
0.443712 23.525470
0.447809 23.265611
0.451906 23.008591
0.456003 22.760862
0.460100 22.529000
0.464197 22.319470
0.468294 22.138380
0.472391 21.991214
0.476488 21.882574
0.480585 21.815940
0.484682 21.793483


