# End points of segments: 
#   0.00000000 0.15909790 0.25095300 0.43466320 
0.000000 -0.000013
0.003182 0.100630
0.006364 0.200964
0.009546 0.300707
0.012728 0.399571
0.015910 0.497275
0.019092 0.593545
0.022274 0.688123
0.025456 0.780763
0.028638 0.871235
0.031820 0.959326
0.035001 1.044843
0.038184 1.127612
0.041365 1.207482
0.044547 1.284322
0.047729 1.358024
0.050911 1.428504
0.054093 1.495697
0.057275 1.559563
0.060457 1.620084
0.063639 1.677260
0.066821 1.731112
0.070003 1.781682
0.073185 1.829025
0.076367 1.873214
0.079549 1.914337
0.082731 1.952493
0.085913 1.987790
0.089095 2.020348
0.092277 2.050290
0.095459 2.077748
0.098641 2.102853
0.101823 2.125739
0.105005 2.146541
0.108187 2.165390
0.111368 2.182414
0.114550 2.197737
0.117732 2.211479
0.120914 2.223750
0.124096 2.234654
0.127278 2.244290
0.130460 2.252744
0.133642 2.260098
0.136824 2.266421
0.140006 2.271777
0.143188 2.276219
0.146370 2.279793
0.149552 2.282535
0.152734 2.284474
0.155916 2.285629
0.159098 2.286012

0.159098 0.859233
0.160935 0.868188
0.162772 0.875048
0.164609 0.949799
0.166446 0.942415
0.168283 0.982861
0.170121 0.993791
0.171958 1.025503
0.173795 1.021019
0.175632 1.035924
0.177469 1.030211
0.179306 1.023877
0.181143 1.016916
0.182980 1.009321
0.184817 1.001089
0.186654 0.992213
0.188492 0.982689
0.190329 0.972513
0.192166 0.961682
0.194003 0.950195
0.195840 0.948051
0.197677 0.935254
0.199514 0.921807
0.201351 0.897718
0.203188 0.882999
0.205025 0.875664
0.206863 0.851735
0.208700 0.845234
0.210537 0.838195
0.212374 0.810654
0.214211 0.798656
0.216048 0.784254
0.217885 0.775511
0.219722 0.764598
0.221559 0.757299
0.223396 0.728007
0.225234 0.681728
0.227071 0.669584
0.228908 0.650706
0.230745 0.642242
0.232582 0.634353
0.234419 0.627212
0.236256 0.612004
0.238093 0.592220
0.239930 0.572157
0.241767 0.569907
0.243605 0.549351
0.245442 0.500654
0.247279 0.493948
0.249116 0.489329
0.250953 0.484846

0.250953 0.483846
0.254627 0.496270
0.258301 0.515146
0.261976 0.540344
0.265650 0.569412
0.269324 0.600898
0.272998 0.689551
0.276672 0.656422
0.280347 0.676920
0.284021 0.694837
0.287695 0.705356
0.291369 0.710044
0.295043 0.705811
0.298718 0.695860
0.302392 0.680622
0.306066 0.657681
0.309740 0.630722
0.313414 0.600474
0.317089 0.564679
0.320763 0.527059
0.324437 0.487305
0.328111 0.446063
0.331786 0.403921
0.335460 0.361409
0.339134 0.320981
0.342808 0.277012
0.346482 0.236767
0.350156 0.195364
0.353831 0.156669
0.357505 0.116012
0.361179 0.075985
0.364853 0.076359
0.368528 -0.075659
0.372202 -0.188999
0.375876 -0.197529
0.379550 -0.201962
0.383224 -0.202807
0.386898 -0.200460
0.390573 -0.195254
0.394247 -0.187483
0.397921 -0.177413
0.401595 -0.165294
0.405270 -0.151358
0.408944 -0.135831
0.412618 -0.118930
0.416292 -0.100862
0.419966 -0.081831
0.423641 -0.062037
0.427315 -0.041673
0.430989 -0.020931
0.434663 -0.000004


0.000000 -0.000012
0.003182 0.226748
0.006364 0.453279
0.009546 0.679375
0.012728 0.904822
0.015910 1.129406
0.019092 1.352920
0.022274 1.575156
0.025456 1.795914
0.028638 2.014994
0.031820 2.232203
0.035001 2.447349
0.038184 2.660245
0.041365 2.870705
0.044547 3.078548
0.047729 3.283591
0.050911 3.485658
0.054093 3.684568
0.057275 3.880147
0.060457 4.072218
0.063639 4.260605
0.066821 4.445133
0.070003 4.625630
0.073185 4.801921
0.076367 4.973835
0.079549 5.141198
0.082731 5.303840
0.085913 5.461591
0.089095 5.614283
0.092277 5.761748
0.095459 5.903820
0.098641 6.040333
0.101823 6.171125
0.105005 6.296033
0.108187 6.414898
0.111368 6.527561
0.114550 6.633866
0.117732 6.733661
0.120914 6.826793
0.124096 6.913118
0.127278 6.992492
0.130460 7.064780
0.133642 7.129851
0.136824 7.187583
0.140006 7.237865
0.143188 7.280594
0.146370 7.315683
0.149552 7.343054
0.152734 7.362649
0.155916 7.374424
0.159098 7.378352

0.159098 2.251558
0.160935 2.251551
0.162772 2.251531
0.164609 2.251497
0.166446 2.251451
0.168283 2.251393
0.170121 2.251324
0.171958 2.251247
0.173795 2.251162
0.175632 2.251070
0.177469 2.250973
0.179306 2.250872
0.181143 2.250768
0.182980 2.250661
0.184817 2.250552
0.186654 2.250440
0.188492 2.250326
0.190329 2.250208
0.192166 2.250085
0.194003 2.249955
0.195840 2.249816
0.197677 2.249665
0.199514 2.249501
0.201351 2.249319
0.203188 2.249117
0.205025 2.248891
0.206863 2.248638
0.208700 2.248356
0.210537 2.248039
0.212374 2.247687
0.214211 2.247297
0.216048 2.246866
0.217885 2.246393
0.219722 2.245878
0.221559 2.245321
0.223396 2.244722
0.225234 2.244085
0.227071 2.243412
0.228908 2.242708
0.230745 2.241979
0.232582 2.241233
0.234419 2.240478
0.236256 2.239725
0.238093 2.238987
0.239930 2.238280
0.241767 2.237620
0.243605 2.237025
0.245442 2.236519
0.247279 2.236125
0.249116 2.235871
0.250953 2.235785

0.250953 2.235785
0.254627 2.236198
0.258301 2.237718
0.261976 2.240696
0.265650 2.245533
0.269324 2.252677
0.272998 2.262619
0.276672 2.275875
0.280347 2.292964
0.284021 2.314377
0.287695 2.340537
0.291369 2.371757
0.295043 2.408196
0.298718 2.449831
0.302392 2.496443
0.306066 2.547626
0.309740 2.602815
0.313414 2.661331
0.317089 2.722427
0.320763 2.785334
0.324437 2.849300
0.328111 2.913618
0.331786 2.977642
0.335460 3.040797
0.339134 3.102584
0.342808 3.162578
0.346482 3.220422
0.350156 3.275829
0.353831 3.328570
0.357505 3.378473
0.361179 3.425416
0.364853 3.469321
0.368528 3.510154
0.372202 3.547913
0.375876 3.582630
0.379550 3.614363
0.383224 3.643196
0.386898 3.669229
0.390573 3.692580
0.394247 3.713375
0.397921 3.731749
0.401595 3.747843
0.405270 3.761793
0.408944 3.773734
0.412618 3.783794
0.416292 3.792090
0.419966 3.798727
0.423641 3.803792
0.427315 3.807358
0.430989 3.809476
0.434663 3.810178


0.000000 -0.000004
0.003182 -0.018144
0.006364 -0.036166
0.009546 -0.053943
0.012728 -0.071352
0.015910 -0.088267
0.019092 -0.104561
0.022274 -0.120105
0.025456 -0.134765
0.028638 -0.148402
0.031820 -0.160873
0.035001 -0.172023
0.038184 -0.181691
0.041365 -0.189696
0.044547 -0.195839
0.047729 -0.199892
0.050911 -0.201584
0.054093 -0.200583
0.057275 -0.196457
0.060457 -0.188611
0.063639 -0.176156
0.066821 -0.157596
0.070003 -0.129894
0.073185 -0.083867
0.076367 0.069077
0.079549 0.136455
0.082731 0.185936
0.085913 0.229506
0.089095 0.270092
0.092277 0.308889
0.095459 0.346487
0.098641 0.383202
0.101823 0.419208
0.105005 0.454595
0.108187 0.489398
0.111368 0.523610
0.114550 0.557194
0.117732 0.590080
0.120914 0.622170
0.124096 0.653331
0.127278 0.683396
0.130460 0.712156
0.133642 0.739358
0.136824 0.764703
0.140006 0.787850
0.143188 0.808419
0.146370 0.826007
0.149552 0.840213
0.152734 0.850669
0.155916 0.857075
0.159098 0.859233

0.159098 2.286012
0.160935 2.288605
0.162772 2.296353
0.164609 2.309173
0.166446 2.326923
0.168283 2.349417
0.170121 2.376422
0.171958 2.407671
0.173795 2.442869
0.175632 2.481697
0.177469 2.523824
0.179306 2.568911
0.181143 2.616613
0.182980 2.666592
0.184817 2.718512
0.186654 2.772048
0.188492 2.826886
0.190329 2.882723
0.192166 2.939271
0.194003 2.996256
0.195840 3.053417
0.197677 3.110507
0.199514 3.167296
0.201351 3.223565
0.203188 3.279107
0.205025 3.333731
0.206863 3.387256
0.208700 3.439513
0.210537 3.490345
0.212374 3.539606
0.214211 3.587160
0.216048 3.632882
0.217885 3.676660
0.219722 3.718388
0.221559 3.757974
0.223396 3.795336
0.225234 3.830400
0.227071 3.863107
0.228908 3.893405
0.230745 3.921254
0.232582 3.946627
0.234419 3.969503
0.236256 3.989876
0.238093 4.007748
0.239930 4.023131
0.241767 4.036050
0.243605 4.046534
0.245442 4.054623
0.247279 4.060367
0.249116 4.063820
0.250953 4.065044

0.250953 4.065044
0.254627 4.060264
0.258301 4.047405
0.261976 4.027142
0.265650 4.000174
0.269324 3.967197
0.272998 3.928885
0.276672 3.885878
0.280347 3.838766
0.284021 3.788083
0.287695 3.734299
0.291369 3.677818
0.295043 3.618976
0.298718 3.558042
0.302392 3.495221
0.306066 3.430654
0.309740 3.364426
0.313414 3.296570
0.317089 3.227077
0.320763 3.155896
0.324437 3.082950
0.328111 3.008141
0.331786 2.931355
0.335460 2.852474
0.339134 2.771383
0.342808 2.687974
0.346482 2.602155
0.350156 2.513854
0.353831 2.423024
0.357505 2.329648
0.361179 2.233736
0.364853 2.135334
0.368528 2.034516
0.372202 1.931391
0.375876 1.826096
0.379550 1.718795
0.383224 1.609675
0.386898 1.498940
0.390573 1.386808
0.394247 1.273502
0.397921 1.159244
0.401595 1.044248
0.405270 0.928715
0.408944 0.812820
0.412618 0.696713
0.416292 0.580515
0.419966 0.464309
0.423641 0.348146
0.427315 0.232047
0.430989 0.116006
0.434663 -0.000013


0.000000 3.810178
0.003182 3.809652
0.006364 3.808066
0.009546 3.805402
0.012728 3.801632
0.015910 3.796715
0.019092 3.790599
0.022274 3.783226
0.025456 3.774526
0.028638 3.764425
0.031820 3.752842
0.035001 3.739693
0.038184 3.724891
0.041365 3.708349
0.044547 3.689980
0.047729 3.669701
0.050911 3.647434
0.054093 3.623108
0.057275 3.596658
0.060457 3.568032
0.063639 3.537188
0.066821 3.504097
0.070003 3.468747
0.073185 3.431140
0.076367 3.391299
0.079549 3.349263
0.082731 3.305095
0.085913 3.258877
0.089095 3.210716
0.092277 3.160744
0.095459 3.109119
0.098641 3.056023
0.101823 3.001672
0.105005 2.946306
0.108187 2.890201
0.111368 2.833663
0.114550 2.777034
0.117732 2.720691
0.120914 2.665053
0.124096 2.610573
0.127278 2.557751
0.130460 2.507125
0.133642 2.459276
0.136824 2.414821
0.140006 2.374406
0.143188 2.338695
0.146370 2.308342
0.149552 2.283968
0.152734 2.266118
0.155916 2.255222
0.159098 2.251558

0.159098 7.378352
0.160935 7.378098
0.162772 7.377335
0.164609 7.376068
0.166446 7.374302
0.168283 7.372045
0.170121 7.369307
0.171958 7.366102
0.173795 7.362444
0.175632 7.358350
0.177469 7.353839
0.179306 7.348933
0.181143 7.343655
0.182980 7.338031
0.184817 7.332089
0.186654 7.325857
0.188492 7.319368
0.190329 7.312655
0.192166 7.305753
0.194003 7.298698
0.195840 7.291528
0.197677 7.284281
0.199514 7.276999
0.201351 7.269722
0.203188 7.262492
0.205025 7.255350
0.206863 7.248337
0.208700 7.241495
0.210537 7.234864
0.212374 7.228483
0.214211 7.222388
0.216048 7.216615
0.217885 7.211195
0.219722 7.206155
0.221559 7.201521
0.223396 7.197310
0.225234 7.193538
0.227071 7.190212
0.228908 7.187334
0.230745 7.184898
0.232582 7.182893
0.234419 7.181299
0.236256 7.180088
0.238093 7.179226
0.239930 7.178670
0.241767 7.178369
0.243605 7.178267
0.245442 7.178299
0.247279 7.178396
0.249116 7.178481
0.250953 7.178475

0.250953 7.178475
0.254627 7.178340
0.258301 7.176790
0.261976 7.173051
0.265650 7.166346
0.269324 7.155914
0.272998 7.141030
0.276672 7.121019
0.280347 7.095268
0.284021 7.063233
0.287695 7.024447
0.291369 6.978518
0.295043 6.925134
0.298718 6.864056
0.302392 6.795118
0.306066 6.718221
0.309740 6.633328
0.313414 6.540454
0.317089 6.439662
0.320763 6.331054
0.324437 6.214762
0.328111 6.090942
0.331786 5.959769
0.335460 5.821425
0.339134 5.676099
0.342808 5.523980
0.346482 5.365253
0.350156 5.200096
0.353831 5.028679
0.357505 4.851161
0.361179 4.667694
0.364853 4.478417
0.368528 4.283462
0.372202 4.082958
0.375876 3.877027
0.379550 3.665794
0.383224 3.449389
0.386898 3.227950
0.390573 3.001629
0.394247 2.770598
0.397921 2.535055
0.401595 2.295226
0.405270 2.051371
0.408944 1.803790
0.412618 1.552823
0.416292 1.298852
0.419966 1.042299
0.423641 0.783628
0.427315 0.523335
0.430989 0.261945
0.434663 -0.000012


0.000000 18.413623
0.003182 18.421132
0.006364 18.442293
0.009546 18.477296
0.012728 18.525605
0.015910 18.586532
0.019092 18.659223
0.022274 18.742678
0.025456 18.835767
0.028638 18.937261
0.031820 19.045848
0.035001 19.160163
0.038184 19.278812
0.041365 19.400394
0.044547 19.523521
0.047729 19.646843
0.050911 19.769063
0.054093 19.888954
0.057275 20.005371
0.060457 20.117267
0.063639 20.223699
0.066821 20.323837
0.070003 20.416970
0.073185 20.502509
0.076367 20.579992
0.079549 20.649080
0.082731 20.709563
0.085913 20.761351
0.089095 20.804478
0.092277 20.839089
0.095459 20.865444
0.098641 20.883903
0.101823 20.894923
0.105005 20.899049
0.108187 20.896902
0.111368 20.889173
0.114550 20.876604
0.117732 20.859986
0.120914 20.840136
0.124096 20.817891
0.127278 20.794093
0.130460 20.769570
0.133642 20.745127
0.136824 20.721532
0.140006 20.699498
0.143188 20.679675
0.146370 20.662635
0.149552 20.648860
0.152734 20.638739
0.155916 20.632552
0.159098 20.630470

0.159098 19.395678
0.160935 19.396472
0.162772 19.398851
0.164609 19.402802
0.166446 19.408306
0.168283 19.415335
0.170121 19.423855
0.171958 19.433823
0.173795 19.445191
0.175632 19.457901
0.177469 19.471891
0.179306 19.487094
0.181143 19.503435
0.182980 19.520835
0.184817 19.539210
0.186654 19.558473
0.188492 19.578530
0.190329 19.599289
0.192166 19.620651
0.194003 19.642517
0.195840 19.664786
0.197677 19.687358
0.199514 19.710129
0.201351 19.732999
0.203188 19.755866
0.205025 19.778632
0.206863 19.801199
0.208700 19.823471
0.210537 19.845358
0.212374 19.866769
0.214211 19.887621
0.216048 19.907833
0.217885 19.927328
0.219722 19.946038
0.221559 19.963896
0.223396 19.980843
0.225234 19.996826
0.227071 20.011799
0.228908 20.025722
0.230745 20.038562
0.232582 20.050291
0.234419 20.060890
0.236256 20.070346
0.238093 20.078652
0.239930 20.085806
0.241767 20.091813
0.243605 20.096682
0.245442 20.100426
0.247279 20.103061
0.249116 20.104608
0.250953 20.105087

0.250953 20.105087
0.254627 20.103223
0.258301 20.097364
0.261976 20.087670
0.265650 20.074292
0.269324 20.057366
0.272998 20.037021
0.276672 20.013384
0.280347 19.986585
0.284021 19.956767
0.287695 19.924085
0.291369 19.888706
0.295043 19.850808
0.298718 19.810578
0.302392 19.768209
0.306066 19.723898
0.309740 19.677845
0.313414 19.630251
0.317089 19.581319
0.320763 19.531249
0.324437 19.480246
0.328111 19.428510
0.331786 19.376245
0.335460 19.323651
0.339134 19.270931
0.342808 19.218284
0.346482 19.165910
0.350156 19.114005
0.353831 19.062764
0.357505 19.012377
0.361179 18.963031
0.364853 18.914907
0.368528 18.868179
0.372202 18.823017
0.375876 18.779581
0.379550 18.738024
0.383224 18.698490
0.386898 18.661113
0.390573 18.626018
0.394247 18.593322
0.397921 18.563128
0.401595 18.535532
0.405270 18.510619
0.408944 18.488464
0.412618 18.469134
0.416292 18.452685
0.419966 18.439163
0.423641 18.428607
0.427315 18.421046
0.430989 18.416502
0.434663 18.414985


0.000000 18.414985
0.003182 18.415716
0.006364 18.419166
0.009546 18.424819
0.012728 18.432676
0.015910 18.442693
0.019092 18.454812
0.022274 18.468961
0.025456 18.485057
0.028638 18.503006
0.031820 18.522706
0.035001 18.544045
0.038184 18.566906
0.041365 18.591164
0.044547 18.616690
0.047729 18.643352
0.050911 18.671015
0.054093 18.699540
0.057275 18.728791
0.060457 18.758632
0.063639 18.788925
0.066821 18.819539
0.070003 18.850342
0.073185 18.881207
0.076367 18.912009
0.079549 18.942631
0.082731 18.972956
0.085913 19.002874
0.089095 19.032282
0.092277 19.061076
0.095459 19.089164
0.098641 19.116452
0.101823 19.142857
0.105005 19.168296
0.108187 19.192693
0.111368 19.215976
0.114550 19.238077
0.117732 19.258934
0.120914 19.278487
0.124096 19.296681
0.127278 19.313465
0.130460 19.328794
0.133642 19.342624
0.136824 19.354919
0.140006 19.365643
0.143188 19.374768
0.146370 19.382268
0.149552 19.388123
0.152734 19.392316
0.155916 19.394837
0.159098 19.395678

0.159098 20.630470
0.160935 20.630442
0.162772 20.630357
0.164609 20.630216
0.166446 20.630017
0.168283 20.629762
0.170121 20.629448
0.171958 20.629075
0.173795 20.628644
0.175632 20.628152
0.177469 20.627600
0.179306 20.626987
0.181143 20.626311
0.182980 20.625573
0.184817 20.624771
0.186654 20.623906
0.188492 20.622978
0.190329 20.621986
0.192166 20.620930
0.194003 20.619812
0.195840 20.618632
0.197677 20.617393
0.199514 20.616095
0.201351 20.614742
0.203188 20.613336
0.205025 20.611882
0.206863 20.610383
0.208700 20.608844
0.210537 20.607271
0.212374 20.605670
0.214211 20.604048
0.216048 20.602412
0.217885 20.600771
0.219722 20.599133
0.221559 20.597507
0.223396 20.595902
0.225234 20.594328
0.227071 20.592795
0.228908 20.591312
0.230745 20.589889
0.232582 20.588536
0.234419 20.587262
0.236256 20.586078
0.238093 20.584993
0.239930 20.584017
0.241767 20.583161
0.243605 20.582437
0.245442 20.581857
0.247279 20.581436
0.249116 20.581191
0.250953 20.581138

0.250953 20.581138
0.254627 20.581387
0.258301 20.582686
0.261976 20.585277
0.265650 20.589425
0.269324 20.595394
0.272998 20.603425
0.276672 20.613704
0.280347 20.626343
0.284021 20.641354
0.287695 20.658632
0.291369 20.677951
0.295043 20.698952
0.298718 20.721149
0.302392 20.743934
0.306066 20.766581
0.309740 20.788267
0.313414 20.808082
0.317089 20.825052
0.320763 20.838157
0.324437 20.846362
0.328111 20.848634
0.331786 20.843973
0.335460 20.831439
0.339134 20.810174
0.342808 20.779430
0.346482 20.738593
0.350156 20.687204
0.353831 20.624981
0.357505 20.551833
0.361179 20.467878
0.364853 20.373454
0.368528 20.269124
0.372202 20.155680
0.375876 20.034147
0.379550 19.905772
0.383224 19.772012
0.386898 19.634526
0.390573 19.495142
0.394247 19.355837
0.397921 19.218701
0.401595 19.085891
0.405270 18.959596
0.408944 18.841976
0.412618 18.735119
0.416292 18.640979
0.419966 18.561323
0.423641 18.497680
0.427315 18.451296
0.430989 18.423089
0.434663 18.413623


