# End points of segments:
#   0.00000000 0.22980030 0.36247540 0.62782570
0.000000 0.173603
0.004596 0.193199
0.009192 0.173899
0.013788 0.231284
0.018384 0.302950
0.022980 0.308052
0.027576 0.450168
0.032172 0.443580
0.036768 0.614391
0.041364 0.718309
0.045960 0.866894
0.050556 0.925573
0.055152 1.063921
0.059748 1.156298
0.064344 1.357407
0.068940 1.441131
0.073536 1.722583
0.078132 1.820950
0.082728 1.983853
0.087324 2.200394
0.091920 2.475065
0.096516 2.661448
0.101112 2.913235
0.105708 3.132179
0.110304 3.288358
0.114900 3.673404
0.119496 3.779546
0.124092 4.192852
0.128688 4.461956
0.133284 4.669183
0.137880 4.874684
0.142476 5.337524
0.147072 5.381437
0.151668 5.918748
0.156264 6.192500
0.160860 6.438631
0.165456 6.571240
0.170052 6.819289
0.174648 7.188370
0.179244 7.531985
0.183840 7.879449
0.188436 7.869487
0.193032 8.254319
0.197628 8.449915
0.202224 8.597410
0.206820 8.796080
0.211416 9.055857
0.216012 9.163702
0.220608 9.239138
0.225204 9.312476
0.229800 9.318562

0.229800 9.105031
0.232454 8.995210
0.235107 8.938357
0.237761 8.943932
0.240414 8.950209
0.243068 8.937996
0.245721 8.926630
0.248375 8.934662
0.251028 8.918071
0.253682 8.912735
0.256335 8.919369
0.258989 8.934925
0.261642 8.922072
0.264296 8.935149
0.266949 8.916048
0.269603 8.930287
0.272256 8.919884
0.274910 8.886384
0.277563 8.906331
0.280217 8.888633
0.282870 8.906805
0.285524 8.877631
0.288177 8.869511
0.290831 8.882439
0.293484 8.894092
0.296138 8.897561
0.298791 9.144000
0.301445 9.299230
0.304098 9.301528
0.306752 9.293171
0.309405 9.310912
0.312059 9.296173
0.314712 9.298918
0.317366 9.282414
0.320019 9.319185
0.322673 9.342306
0.325326 9.334950
0.327980 9.340683
0.330633 9.360166
0.333287 9.364370
0.335940 9.363623
0.338594 9.357431
0.341247 9.359312
0.343901 9.346574
0.346554 9.409378
0.349208 9.423907
0.351861 9.439308
0.354515 9.433621
0.357168 9.447455
0.359822 9.454927
0.362475 9.439862

0.362475 9.412841
0.367782 9.116925
0.373090 9.067293
0.378397 9.066980
0.383703 8.961273
0.389010 8.911020
0.394317 8.756904
0.399624 8.684755
0.404931 8.614620
0.410239 8.423123
0.415546 8.284431
0.420853 8.107411
0.426160 7.886634
0.431466 7.738215
0.436773 7.516248
0.442080 7.192317
0.447387 6.862403
0.452694 6.873328
0.458002 6.436953
0.463309 6.020481
0.468616 5.899639
0.473923 5.580499
0.479230 5.127600
0.484537 4.978758
0.489844 4.597208
0.495151 4.313409
0.500458 4.099012
0.505765 3.809279
0.511072 3.486172
0.516379 3.439419
0.521686 2.842234
0.526993 2.563640
0.532300 2.369437
0.537607 2.239691
0.542914 1.865490
0.548221 1.599452
0.553528 1.470468
0.558835 1.220703
0.564142 1.030111
0.569449 1.019242
0.574756 0.789078
0.580063 0.668902
0.585370 0.587776
0.590677 0.344563
0.595984 0.308464
0.601291 0.116782
0.606598 0.089508
0.611905 -0.023709
0.617212 -0.105133
0.622519 -0.123916
0.627826 -0.186463


0.000000 0.042381
0.004596 0.347413
0.009192 1.337900
0.013788 1.734003
0.018384 2.455198
0.022980 2.923215
0.027576 3.420999
0.032172 3.799259
0.036768 4.483883
0.041364 5.141049
0.045960 5.542584
0.050556 6.183749
0.055152 6.657186
0.059748 7.047175
0.064344 7.718256
0.068940 8.104953
0.073536 8.599565
0.078132 8.945673
0.082728 9.304286
0.087324 9.981298
0.091920 10.294800
0.096516 10.708640
0.101112 11.127503
0.105708 11.338123
0.110304 11.864117
0.114900 12.180194
0.119496 12.478305
0.124092 13.005386
0.128688 13.308890
0.133284 13.451957
0.137880 13.811947
0.142476 14.063910
0.147072 14.446197
0.151668 14.529761
0.156264 14.734745
0.160860 15.084196
0.165456 15.220424
0.170052 15.436535
0.174648 15.647588
0.179244 15.796116
0.183840 15.833514
0.188436 15.902155
0.193032 15.999051
0.197628 16.246202
0.202224 16.273500
0.206820 16.358964
0.211416 16.396404
0.216012 16.382201
0.220608 16.490828
0.225204 16.490866
0.229800 16.502825

0.229800 16.165423
0.232454 16.448001
0.235107 16.509390
0.237761 16.521617
0.240414 16.522966
0.243068 16.678634
0.245721 16.713414
0.248375 16.835756
0.251028 16.907441
0.253682 17.135383
0.256335 17.250549
0.258989 17.255886
0.261642 17.520595
0.264296 17.753371
0.266949 17.861675
0.269603 18.036286
0.272256 18.440554
0.274910 18.575561
0.277563 18.804336
0.280217 18.862914
0.282870 19.286406
0.285524 19.324038
0.288177 19.841590
0.290831 20.221390
0.293484 20.574627
0.296138 20.745751
0.298791 21.137549
0.301445 21.295083
0.304098 21.745838
0.306752 22.154355
0.309405 22.364743
0.312059 22.732612
0.314712 23.062393
0.317366 23.418486
0.320019 23.748701
0.322673 23.974095
0.325326 24.080015
0.327980 24.590868
0.330633 24.833627
0.333287 24.824754
0.335940 25.155743
0.338594 25.296774
0.341247 25.712065
0.343901 25.961864
0.346554 26.193911
0.349208 26.332636
0.351861 26.346182
0.354515 26.389255
0.357168 26.580338
0.359822 26.563583
0.362475 26.570208

0.362475 17.710098
0.367782 17.982659
0.373090 18.064925
0.378397 18.121016
0.383703 18.180751
0.389010 18.226187
0.394317 18.325774
0.399624 18.410840
0.404931 18.476003
0.410239 18.651434
0.415546 18.859530
0.420853 18.903550
0.426160 19.230611
0.431466 19.447247
0.436773 19.636420
0.442080 19.834125
0.447387 19.982896
0.452694 20.108346
0.458002 20.295244
0.463309 20.506914
0.468616 20.694557
0.473923 21.051135
0.479230 21.251397
0.484537 21.355869
0.489844 21.578957
0.495151 21.705660
0.500458 21.823745
0.505765 22.038274
0.511072 22.252960
0.516379 22.338039
0.521686 22.578776
0.526993 22.670464
0.532300 22.712124
0.537607 22.973676
0.542914 23.051376
0.548221 23.151295
0.553528 23.198828
0.558835 23.417375
0.564142 23.496171
0.569449 23.515514
0.574756 23.579027
0.580063 23.837738
0.585370 23.876908
0.590677 23.960594
0.595984 23.993088
0.601291 24.058075
0.606598 24.096963
0.611905 24.136351
0.617212 24.167298
0.622519 24.147826
0.627826 24.180888


0.000000 -0.106116
0.004596 1.093117
0.009192 2.018878
0.013788 2.769437
0.018384 3.451304
0.022980 4.742702
0.027576 5.509010
0.032172 6.460457
0.036768 7.334677
0.041364 8.159997
0.045960 9.145722
0.050556 9.912239
0.055152 10.788207
0.059748 11.746209
0.064344 12.516358
0.068940 13.379220
0.073536 14.167912
0.078132 15.036157
0.082728 15.886232
0.087324 16.541408
0.091920 17.395823
0.096516 18.133379
0.101112 18.916950
0.105708 19.745490
0.110304 20.466553
0.114900 21.305968
0.119496 21.976409
0.124092 22.698381
0.128688 23.502893
0.133284 24.059870
0.137880 24.519589
0.142476 25.510051
0.147072 26.043711
0.151668 26.588262
0.156264 27.448060
0.160860 28.077144
0.165456 28.672255
0.170052 29.159197
0.174648 29.867188
0.179244 30.439259
0.183840 30.978189
0.188436 31.393094
0.193032 32.023335
0.197628 32.367537
0.202224 32.784586
0.206820 33.140105
0.211416 33.362855
0.216012 33.737293
0.220608 33.920881
0.225204 34.119132
0.229800 34.294474

0.229800 18.641327
0.232454 18.610512
0.235107 18.621190
0.237761 18.610968
0.240414 18.616758
0.243068 18.633386
0.245721 18.609213
0.248375 18.602901
0.251028 18.617557
0.253682 18.624090
0.256335 18.622880
0.258989 18.524686
0.261642 18.522476
0.264296 18.510697
0.266949 18.516404
0.269603 18.459139
0.272256 18.449161
0.274910 18.405171
0.277563 18.418603
0.280217 18.425846
0.282870 18.418315
0.285524 18.367991
0.288177 18.334676
0.290831 18.261662
0.293484 18.254720
0.296138 18.255725
0.298791 18.234229
0.301445 18.203544
0.304098 18.168500
0.306752 18.095109
0.309405 18.095470
0.312059 18.019995
0.314712 18.013826
0.317366 17.982756
0.320019 17.944836
0.322673 17.901680
0.325326 17.890404
0.327980 17.906759
0.330633 17.889960
0.333287 17.894209
0.335940 17.875080
0.338594 17.816856
0.341247 17.740861
0.343901 17.709972
0.346554 17.699167
0.349208 17.663391
0.351861 17.657470
0.354515 17.639930
0.357168 17.630760
0.359822 17.612001
0.362475 17.625407

0.362475 26.220326
0.367782 26.207500
0.373090 26.153925
0.378397 26.028293
0.383703 25.703776
0.389010 25.469183
0.394317 25.275920
0.399624 24.702090
0.404931 24.346216
0.410239 24.146681
0.415546 23.632682
0.420853 22.917732
0.426160 22.510127
0.431466 21.955355
0.436773 21.413826
0.442080 20.894370
0.447387 20.476924
0.452694 19.804373
0.458002 19.260146
0.463309 18.785427
0.468616 18.317850
0.473923 17.706471
0.479230 16.991677
0.484537 16.524374
0.489844 15.907785
0.495151 15.436402
0.500458 14.865509
0.505765 14.125088
0.511072 13.562279
0.516379 13.228649
0.521686 12.392412
0.526993 11.888846
0.532300 11.306707
0.537607 10.628855
0.542914 10.022475
0.548221 9.501811
0.553528 8.743784
0.558835 8.307895
0.564142 7.691416
0.569449 6.995966
0.574756 6.332823
0.580063 6.040393
0.585370 5.155035
0.590677 4.607235
0.595984 3.787631
0.601291 3.230207
0.606598 2.480099
0.611905 2.030366
0.617212 1.107244
0.622519 0.542206
0.627826 -0.072485


0.000000 24.028468
0.004596 23.892484
0.009192 23.863887
0.013788 23.780769
0.018384 23.749405
0.022980 23.718558
0.027576 23.665712
0.032172 23.642298
0.036768 23.594608
0.041364 23.498654
0.045960 23.501658
0.050556 23.369003
0.055152 23.341998
0.059748 23.308925
0.064344 23.313311
0.068940 23.242875
0.073536 22.992035
0.078132 22.902657
0.082728 22.775681
0.087324 22.672656
0.091920 22.569400
0.096516 22.455510
0.101112 22.374563
0.105708 22.243509
0.110304 22.144101
0.114900 22.084623
0.119496 21.925946
0.124092 21.672885
0.128688 21.557697
0.133284 21.564851
0.137880 21.348393
0.142476 21.183897
0.147072 21.061960
0.151668 20.755380
0.156264 20.726564
0.160860 20.553305
0.165456 20.424293
0.170052 20.260436
0.174648 19.955612
0.179244 19.844539
0.183840 19.700229
0.188436 19.457995
0.193032 19.358766
0.197628 19.231468
0.202224 19.035702
0.206820 19.032146
0.211416 18.890809
0.216012 18.766716
0.220608 18.720508
0.225204 18.683721
0.229800 18.662416

0.229800 33.986500
0.232454 33.887861
0.235107 33.877126
0.237761 33.896646
0.240414 33.906090
0.243068 33.831994
0.245721 33.850493
0.248375 33.799921
0.251028 33.761266
0.253682 33.734744
0.256335 33.699901
0.258989 33.704942
0.261642 33.632907
0.264296 33.607946
0.266949 33.610801
0.269603 33.603311
0.272256 33.485615
0.274910 33.462438
0.277563 33.320833
0.280217 33.277013
0.282870 33.184666
0.285524 33.133544
0.288177 33.085739
0.290831 33.062652
0.293484 33.077574
0.296138 32.892968
0.298791 32.814459
0.301445 32.691865
0.304098 32.602395
0.306752 32.589212
0.309405 32.428331
0.312059 32.385789
0.314712 32.263132
0.317366 32.177300
0.320019 32.173157
0.322673 32.113077
0.325326 32.074098
0.327980 31.992856
0.330633 31.783375
0.333287 31.712256
0.335940 31.656068
0.338594 31.649386
0.341247 31.553330
0.343901 31.502907
0.346554 31.466209
0.349208 31.461170
0.351861 31.477155
0.354515 31.467176
0.357168 31.578796
0.359822 31.742125
0.362475 31.875028

0.362475 31.782977
0.367782 31.788744
0.373090 31.412401
0.378397 31.337511
0.383703 31.224932
0.389010 31.028422
0.394317 30.955752
0.399624 30.709324
0.404931 30.454928
0.410239 30.051397
0.415546 29.891157
0.420853 29.453672
0.426160 29.111354
0.431466 28.895518
0.436773 28.343514
0.442080 28.062678
0.447387 27.483533
0.452694 27.062951
0.458002 26.585074
0.463309 26.101966
0.468616 25.541509
0.473923 24.959299
0.479230 24.298320
0.484537 23.692784
0.489844 23.095192
0.495151 22.378790
0.500458 21.802165
0.505765 20.923895
0.511072 20.453977
0.516379 19.789472
0.521686 18.967527
0.526993 18.201066
0.532300 17.492119
0.537607 16.682018
0.542914 15.658943
0.548221 14.650526
0.553528 14.103844
0.558835 12.897795
0.564142 12.058054
0.569449 11.123583
0.574756 10.231558
0.580063 9.180592
0.585370 8.442700
0.590677 7.252224
0.595984 6.122435
0.601291 5.138151
0.606598 4.028967
0.611905 2.963156
0.617212 1.938161
0.622519 1.022424
0.627826 -0.192476


0.000000 40.431561
0.004596 40.198965
0.009192 40.116498
0.013788 40.063697
0.018384 40.052752
0.022980 40.012599
0.027576 40.007212
0.032172 39.991487
0.036768 39.913260
0.041364 39.902033
0.045960 39.829617
0.050556 39.752421
0.055152 39.735906
0.059748 39.711210
0.064344 39.713515
0.068940 39.631126
0.073536 39.512247
0.078132 39.305629
0.082728 39.271670
0.087324 39.069882
0.091920 39.084012
0.096516 38.908537
0.101112 38.657052
0.105708 38.534467
0.110304 38.447059
0.114900 38.371839
0.119496 38.327698
0.124092 38.093941
0.128688 38.111455
0.133284 37.891965
0.137880 37.716345
0.142476 37.735384
0.147072 37.697899
0.151668 37.639623
0.156264 37.480893
0.160860 37.409124
0.165456 37.362773
0.170052 37.344108
0.174648 37.311383
0.179244 37.325659
0.183840 37.613949
0.188436 37.672891
0.193032 37.694479
0.197628 37.733682
0.202224 37.741537
0.206820 37.805306
0.211416 37.809994
0.216012 37.801576
0.220608 37.803340
0.225204 37.851950
0.229800 37.859456

0.229800 37.525233
0.232454 37.543808
0.235107 37.462240
0.237761 37.460652
0.240414 37.421473
0.243068 37.419912
0.245721 37.432554
0.248375 37.452053
0.251028 37.463954
0.253682 37.412986
0.256335 37.420098
0.258989 37.435318
0.261642 37.421014
0.264296 37.431464
0.266949 37.389951
0.269603 37.381702
0.272256 37.368774
0.274910 37.385467
0.277563 37.402471
0.280217 37.369526
0.282870 37.321165
0.285524 37.249190
0.288177 37.251979
0.290831 37.120160
0.293484 37.133993
0.296138 37.050268
0.298791 36.924503
0.301445 36.769752
0.304098 36.666663
0.306752 36.573980
0.309405 36.523770
0.312059 36.479022
0.314712 36.321695
0.317366 36.248494
0.320019 36.217786
0.322673 36.020956
0.325326 36.021746
0.327980 35.835521
0.330633 35.679949
0.333287 35.669516
0.335940 35.629232
0.338594 35.461961
0.341247 35.341764
0.343901 35.354971
0.346554 35.370468
0.349208 35.203168
0.351861 35.080523
0.354515 35.052731
0.357168 35.059211
0.359822 34.978476
0.362475 34.975617

0.362475 35.093344
0.367782 35.178916
0.373090 35.548813
0.378397 35.532006
0.383703 35.930640
0.389010 36.199970
0.394317 36.467975
0.399624 36.610143
0.404931 36.733456
0.410239 37.159387
0.415546 37.414285
0.420853 37.453327
0.426160 37.452185
0.431466 37.571038
0.436773 37.639252
0.442080 37.702260
0.447387 37.717729
0.452694 37.750599
0.458002 37.886273
0.463309 37.920951
0.468616 38.006481
0.473923 38.224313
0.479230 38.339331
0.484537 38.380860
0.489844 38.482731
0.495151 38.607476
0.500458 38.671732
0.505765 38.876185
0.511072 38.962244
0.516379 39.068238
0.521686 39.197646
0.526993 39.380430
0.532300 39.527025
0.537607 39.556560
0.542914 39.601533
0.548221 39.667617
0.553528 39.733998
0.558835 39.988712
0.564142 39.977310
0.569449 40.082105
0.574756 40.177238
0.580063 40.202439
0.585370 40.188363
0.590677 40.248936
0.595984 40.340003
0.601291 40.341415
0.606598 40.376847
0.611905 40.449759
0.617212 40.434064
0.622519 40.483200
0.627826 40.471807


0.000000 40.455020
0.004596 40.476775
0.009192 40.513339
0.013788 40.680737
0.018384 40.704049
0.022980 40.685102
0.027576 41.021860
0.032172 41.544411
0.036768 41.786480
0.041364 41.992022
0.045960 42.575378
0.050556 42.908088
0.055152 43.148106
0.059748 43.550261
0.064344 43.835230
0.068940 44.204365
0.073536 44.360280
0.078132 44.621653
0.082728 44.939705
0.087324 44.972854
0.091920 45.257024
0.096516 45.241539
0.101112 45.364889
0.105708 45.444356
0.110304 45.273912
0.114900 45.084252
0.119496 44.926291
0.124092 44.781682
0.128688 44.715981
0.133284 44.453299
0.137880 44.164808
0.142476 43.854140
0.147072 43.572217
0.151668 43.334034
0.156264 43.000648
0.160860 42.639690
0.165456 42.255530
0.170052 41.922744
0.174648 41.456090
0.179244 41.244984
0.183840 40.820081
0.188436 40.459126
0.193032 40.238484
0.197628 39.666976
0.202224 39.424716
0.206820 39.172126
0.211416 38.773422
0.216012 38.647361
0.220608 38.622010
0.225204 38.307195
0.229800 38.253873

0.229800 38.498120
0.232454 38.449864
0.235107 38.290558
0.237761 38.235535
0.240414 38.153930
0.243068 38.115353
0.245721 38.099186
0.248375 38.027359
0.251028 38.011646
0.253682 37.969714
0.256335 37.972302
0.258989 37.953068
0.261642 37.951712
0.264296 37.833853
0.266949 37.779075
0.269603 37.730064
0.272256 37.640905
0.274910 37.620763
0.277563 37.588305
0.280217 37.600251
0.282870 37.584052
0.285524 37.519750
0.288177 37.452175
0.290831 37.402290
0.293484 37.767126
0.296138 37.771537
0.298791 37.810364
0.301445 37.805966
0.304098 37.832146
0.306752 37.820637
0.309405 37.806843
0.312059 37.826092
0.314712 37.819624
0.317366 37.839045
0.320019 37.847246
0.322673 37.863635
0.325326 37.858624
0.327980 37.878128
0.330633 37.875312
0.333287 37.876000
0.335940 37.884832
0.338594 37.908444
0.341247 37.891713
0.343901 37.915905
0.346554 37.918142
0.349208 37.939637
0.351861 37.953260
0.354515 37.942760
0.357168 37.940892
0.359822 37.947844
0.362475 37.930104

0.362475 37.672690
0.367782 37.563950
0.373090 37.578284
0.378397 37.514744
0.383703 37.509012
0.389010 37.501508
0.394317 37.484359
0.399624 37.708934
0.404931 37.845272
0.410239 37.867863
0.415546 38.071439
0.420853 38.536826
0.426160 38.826914
0.431466 39.252732
0.436773 39.692994
0.442080 40.061960
0.447387 40.394975
0.452694 40.913529
0.458002 41.242874
0.463309 41.787400
0.468616 42.092764
0.473923 42.653249
0.479230 42.998540
0.484537 43.007609
0.489844 43.626303
0.495151 44.084217
0.500458 44.245950
0.505765 44.483208
0.511072 44.784479
0.516379 44.860093
0.521686 44.909067
0.526993 44.995103
0.532300 44.602499
0.537607 44.540072
0.542914 44.512678
0.548221 44.180711
0.553528 44.073736
0.558835 43.714300
0.564142 43.434357
0.569449 43.006532
0.574756 42.649165
0.580063 42.307396
0.585370 41.899315
0.590677 41.615898
0.595984 41.270368
0.601291 40.928533
0.606598 40.637203
0.611905 40.407208
0.617212 40.342810
0.622519 40.339744
0.627826 40.149679

