# End points of segments: 
#  0.00000000 0.18469520 0.29138160 0.50475440 
0.000000 -0.005411
0.003694 0.465975
0.007388 0.932481
0.011082 1.399950
0.014776 1.868811
0.018469 2.339419
0.022163 2.812041
0.025857 3.286846
0.029551 3.763900
0.033245 4.243160
0.036939 4.724480
0.040633 5.207611
0.044327 5.692213
0.048021 6.177856
0.051715 6.664036
0.055409 7.150176
0.059103 7.635639
0.062796 8.119735
0.066490 8.601726
0.070184 9.080835
0.073878 9.556251
0.077572 10.027138
0.081266 10.492635
0.084960 10.951867
0.088654 11.403947
0.092348 11.847983
0.096042 12.283082
0.099735 12.708356
0.103429 13.122925
0.107123 13.525924
0.110817 13.916506
0.114511 14.293846
0.118205 14.657149
0.121899 15.005645
0.125593 15.338601
0.129287 15.655318
0.132981 15.955134
0.136674 16.237423
0.140368 16.501596
0.144062 16.747100
0.147756 16.973411
0.151450 17.180034
0.155144 17.366498
0.158838 17.532355
0.162532 17.677174
0.166226 17.800548
0.169920 17.902098
0.173614 17.981483
0.177307 18.038412
0.181001 18.072663
0.184695 18.084096

0.184695 4.446011
0.186829 4.446146
0.188963 4.446553
0.191096 4.447233
0.193230 4.448191
0.195364 4.449433
0.197498 4.450967
0.199631 4.452802
0.201765 4.454950
0.203899 4.457422
0.206033 4.460235
0.208166 4.463405
0.210300 4.466950
0.212434 4.470891
0.214567 4.475249
0.216701 4.480048
0.218835 4.485312
0.220969 4.491069
0.223102 4.497345
0.225236 4.504169
0.227370 4.511570
0.229503 4.519578
0.231637 4.528220
0.233771 4.537524
0.235905 4.547518
0.238038 4.558225
0.240172 4.569667
0.242306 4.581861
0.244440 4.594818
0.246573 4.608544
0.248707 4.623037
0.250841 4.638285
0.252974 4.654266
0.255108 4.670944
0.257242 4.688268
0.259376 4.706170
0.261509 4.724564
0.263643 4.743340
0.265777 4.762364
0.267911 4.781475
0.270044 4.800485
0.272178 4.819171
0.274312 4.837280
0.276446 4.854528
0.278579 4.870596
0.280713 4.885140
0.282847 4.897790
0.284980 4.908161
0.287114 4.915865
0.289248 4.920519
0.291382 4.921766

0.291382 4.921766
0.295649 4.912804
0.299916 4.887108
0.304184 4.843911
0.308451 4.783556
0.312719 4.707237
0.316986 4.616646
0.321254 4.513639
0.325521 4.400026
0.329789 4.277456
0.334056 4.147386
0.338324 4.011083
0.342591 3.869650
0.346859 3.724056
0.351126 3.575163
0.355393 3.423748
0.359661 3.270521
0.363928 3.116140
0.368196 2.961222
0.372463 2.806346
0.376731 2.652064
0.380998 2.498898
0.385266 2.347345
0.389533 2.197878
0.393800 2.050943
0.398068 1.906962
0.402335 1.766330
0.406603 1.629416
0.410870 1.496560
0.415138 1.368075
0.419405 1.244248
0.423673 1.125336
0.427940 1.011571
0.432208 0.903157
0.436475 0.800276
0.440742 0.703084
0.445010 0.611717
0.449277 0.526291
0.453545 0.446903
0.457812 0.373632
0.462080 0.306545
0.466347 0.245691
0.470615 0.191104
0.474882 0.142798
0.479150 0.100752
0.483417 0.064862
0.487685 0.034700
0.491952 0.005321
0.496219 -0.013757
0.500487 -0.008404
0.504754 0.003236


0.000000 -0.001262
0.003694 0.252641
0.007388 0.505012
0.011082 0.756763
0.014776 1.007577
0.018469 1.257108
0.022163 1.504994
0.025857 1.750850
0.029551 1.994280
0.033245 2.234879
0.036939 2.472243
0.040633 2.705976
0.044327 2.935695
0.048021 3.161043
0.051715 3.381687
0.055409 3.597322
0.059103 3.807676
0.062796 4.012506
0.066490 4.211600
0.070184 4.404772
0.073878 4.591857
0.077572 4.772715
0.081266 4.947220
0.084960 5.115261
0.088654 5.276738
0.092348 5.431562
0.096042 5.579653
0.099735 5.720941
0.103429 5.855365
0.107123 5.982879
0.110817 6.103451
0.114511 6.217067
0.118205 6.323734
0.121899 6.423482
0.125593 6.516366
0.129287 6.602465
0.132981 6.681884
0.136674 6.754750
0.140368 6.821214
0.144062 6.881439
0.147756 6.935603
0.151450 6.983892
0.155144 7.026491
0.158838 7.063582
0.162532 7.095339
0.166226 7.121919
0.169920 7.143464
0.173614 7.160093
0.177307 7.171901
0.181001 7.178957
0.184695 7.181305

0.184695 7.181305
0.186829 7.186105
0.188963 7.200492
0.191096 7.224430
0.193230 7.257853
0.195364 7.300673
0.197498 7.352773
0.199631 7.414009
0.201765 7.484207
0.203899 7.563165
0.206033 7.650649
0.208166 7.746393
0.210300 7.850101
0.212434 7.961443
0.214567 8.080056
0.216701 8.205546
0.218835 8.337487
0.220969 8.475419
0.223102 8.618854
0.225236 8.767273
0.227370 8.920129
0.229503 9.076848
0.231637 9.236830
0.233771 9.399453
0.235905 9.564070
0.238038 9.730017
0.240172 9.896612
0.242306 10.063156
0.244440 10.228937
0.246573 10.393233
0.248707 10.555317
0.250841 10.714455
0.252974 10.869913
0.255108 11.020965
0.257242 11.166891
0.259376 11.306990
0.261509 11.440579
0.263643 11.567009
0.265777 11.685666
0.267911 11.795984
0.270044 11.897450
0.272178 11.989616
0.274312 12.072106
0.276446 12.144621
0.278579 12.206946
0.280713 12.258954
0.282847 12.300604
0.284980 12.331942
0.287114 12.353096
0.289248 12.364267
0.291382 12.365724

0.291382 6.962009
0.295649 6.973762
0.299916 7.006262
0.304184 7.059900
0.308451 7.133883
0.312719 7.226501
0.316986 7.335516
0.321254 7.458494
0.325521 7.593051
0.329789 7.736972
0.334056 7.888268
0.338324 8.045179
0.342591 8.206166
0.346859 8.369887
0.351126 8.535179
0.355393 8.701041
0.359661 8.866616
0.363928 9.031179
0.368196 9.194120
0.372463 9.354941
0.376731 9.513235
0.380998 9.668685
0.385266 9.821044
0.389533 9.970130
0.393800 10.115811
0.398068 10.257996
0.402335 10.396623
0.406603 10.531647
0.410870 10.663028
0.415138 10.790727
0.419405 10.914689
0.423673 11.034843
0.427940 11.151090
0.432208 11.263304
0.436475 11.371324
0.440742 11.474956
0.445010 11.573974
0.449277 11.668119
0.453545 11.757107
0.457812 11.840631
0.462080 11.918370
0.466347 11.989994
0.470615 12.055171
0.474882 12.113578
0.479150 12.164906
0.483417 12.208870
0.487685 12.245213
0.491952 12.273719
0.496219 12.294210
0.500487 12.306557
0.504754 12.310681


0.000000 0.003236
0.003694 0.019090
0.007388 0.038557
0.011082 0.059652
0.014776 0.082960
0.018469 0.109015
0.022163 0.138252
0.025857 0.171012
0.029551 0.207563
0.033245 0.248109
0.036939 0.292810
0.040633 0.341791
0.044327 0.395151
0.048021 0.452971
0.051715 0.515316
0.055409 0.582239
0.059103 0.653783
0.062796 0.729981
0.066490 0.810856
0.070184 0.896421
0.073878 0.986679
0.077572 1.081618
0.081266 1.181213
0.084960 1.285422
0.088654 1.394186
0.092348 1.507420
0.096042 1.625018
0.099735 1.746844
0.103429 1.872731
0.107123 2.002475
0.110817 2.135830
0.114511 2.272506
0.118205 2.412160
0.121899 2.554390
0.125593 2.698727
0.129287 2.844626
0.132981 2.991454
0.136674 3.138477
0.140368 3.284843
0.144062 3.429563
0.147756 3.571488
0.151450 3.709285
0.155144 3.841412
0.158838 3.966099
0.162532 4.081336
0.166226 4.184889
0.169920 4.274362
0.173614 4.347308
0.177307 4.401414
0.181001 4.434747
0.184695 4.446011

0.184695 8.019396
0.186829 8.018714
0.188963 8.016670
0.191096 8.013266
0.193230 8.008506
0.195364 8.002394
0.197498 7.994937
0.199631 7.986143
0.201765 7.976022
0.203899 7.964586
0.206033 7.951846
0.208166 7.937818
0.210300 7.922517
0.212434 7.905963
0.214567 7.888174
0.216701 7.869174
0.218835 7.848985
0.220969 7.827636
0.223102 7.805154
0.225236 7.781571
0.227370 7.756922
0.229503 7.731243
0.231637 7.704576
0.233771 7.676964
0.235905 7.648457
0.238038 7.619106
0.240172 7.588971
0.242306 7.558113
0.244440 7.526603
0.246573 7.494518
0.248707 7.461940
0.250841 7.428964
0.252974 7.395692
0.255108 7.362240
0.257242 7.328733
0.259376 7.295314
0.261509 7.262140
0.263643 7.229385
0.265777 7.197247
0.267911 7.165941
0.270044 7.135708
0.272178 7.106813
0.274312 7.079548
0.276446 7.054231
0.278579 7.031202
0.280713 7.010824
0.282847 6.993476
0.284980 6.979546
0.287114 6.969416
0.289248 6.963457
0.291382 6.962009

0.291382 12.365724
0.295649 12.340845
0.299916 12.281574
0.304184 12.191461
0.308451 12.074228
0.312719 11.933569
0.316986 11.773021
0.321254 11.595888
0.325521 11.405200
0.329789 11.203689
0.334056 10.993781
0.338324 10.777586
0.342591 10.556887
0.346859 10.333146
0.351126 10.107499
0.355393 9.880771
0.359661 9.653492
0.363928 9.425926
0.368196 9.198101
0.372463 8.969855
0.376731 8.740868
0.380998 8.510712
0.385266 8.278880
0.389533 8.044822
0.393800 7.807975
0.398068 7.567778
0.402335 7.323691
0.406603 7.075208
0.410870 6.821866
0.415138 6.563249
0.419405 6.299001
0.423673 6.028827
0.427940 5.752509
0.432208 5.469908
0.436475 5.180977
0.440742 4.885767
0.445010 4.584439
0.449277 4.277263
0.453545 3.964619
0.457812 3.646996
0.462080 3.324973
0.466347 2.999203
0.470615 2.670386
0.474882 2.339228
0.479150 2.006408
0.483417 1.672534
0.487685 1.338103
0.491952 1.003478
0.496219 0.668876
0.500487 0.334368
0.504754 -0.005411


0.000000 12.310681
0.003694 12.307719
0.007388 12.298842
0.011082 12.284081
0.014776 12.263488
0.018469 12.237135
0.022163 12.205110
0.025857 12.167520
0.029551 12.124485
0.033245 12.076142
0.036939 12.022637
0.040633 11.964124
0.044327 11.900767
0.048021 11.832734
0.051715 11.760194
0.055409 11.683319
0.059103 11.602278
0.062796 11.517236
0.066490 11.428357
0.070184 11.335797
0.073878 11.239704
0.077572 11.140224
0.081266 11.037491
0.084960 10.931636
0.088654 10.822786
0.092348 10.711061
0.096042 10.596584
0.099735 10.479479
0.103429 10.359875
0.107123 10.237913
0.110817 10.113748
0.114511 9.987560
0.118205 9.859557
0.121899 9.729986
0.125593 9.599143
0.129287 9.467386
0.132981 9.335148
0.136674 9.202955
0.140368 9.071444
0.144062 8.941387
0.147756 8.813717
0.151450 8.689556
0.155144 8.570245
0.158838 8.457362
0.162532 8.352741
0.166226 8.258455
0.169920 8.176763
0.173614 8.109994
0.177307 8.060368
0.181001 8.029750
0.184695 8.019396

0.184695 18.084096
0.186829 18.083472
0.188963 18.081599
0.191096 18.078482
0.193230 18.074129
0.195364 18.068550
0.197498 18.061757
0.199631 18.053767
0.201765 18.044598
0.203899 18.034273
0.206033 18.022814
0.208166 18.010251
0.210300 17.996613
0.212434 17.981934
0.214567 17.966250
0.216701 17.949602
0.218835 17.932035
0.220969 17.913595
0.223102 17.894336
0.225236 17.874315
0.227370 17.853594
0.229503 17.832241
0.231637 17.810332
0.233771 17.787946
0.235905 17.765174
0.238038 17.742109
0.240172 17.718858
0.242306 17.695531
0.244440 17.672251
0.246573 17.649145
0.248707 17.626349
0.250841 17.604006
0.252974 17.582264
0.255108 17.561273
0.257242 17.541183
0.259376 17.522141
0.261509 17.504286
0.263643 17.487743
0.265777 17.472619
0.267911 17.458995
0.270044 17.446920
0.272178 17.436404
0.274312 17.427412
0.276446 17.419862
0.278579 17.413617
0.280713 17.408487
0.282847 17.404226
0.284980 17.400543
0.287114 17.397099
0.289248 17.393520
0.291382 17.389406

0.291382 17.389406
0.295649 17.377892
0.299916 17.359193
0.304184 17.330139
0.308451 17.287986
0.312719 17.230542
0.316986 17.156208
0.321254 17.063947
0.325521 16.953197
0.329789 16.823779
0.334056 16.675794
0.338324 16.509530
0.342591 16.325394
0.346859 16.123848
0.351126 15.905382
0.355393 15.670482
0.359661 15.419621
0.363928 15.153256
0.368196 14.871826
0.372463 14.575752
0.376731 14.265445
0.380998 13.941302
0.385266 13.603705
0.389533 13.253027
0.393800 12.889622
0.398068 12.513826
0.402335 12.125956
0.406603 11.726308
0.410870 11.315156
0.415138 10.892758
0.419405 10.459354
0.423673 10.015176
0.427940 9.560452
0.432208 9.095416
0.436475 8.620316
0.440742 8.135421
0.445010 7.641032
0.449277 7.137491
0.453545 6.625182
0.457812 6.104540
0.462080 5.576054
0.466347 5.040264
0.470615 4.497762
0.474882 3.949190
0.479150 3.395227
0.483417 2.836592
0.487685 2.274028
0.491952 1.708302
0.496219 1.140194
0.500487 0.570492
0.504754 -0.001262


0.000000 25.669172
0.003694 25.679544
0.007388 25.689892
0.011082 25.693983
0.014776 25.697673
0.018469 25.701730
0.022163 25.706175
0.025857 25.710876
0.029551 25.715650
0.033245 25.720297
0.036939 25.724613
0.040633 25.728404
0.044327 25.731494
0.048021 25.733735
0.051715 25.735012
0.055409 25.735252
0.059103 25.734423
0.062796 25.732545
0.066490 25.729683
0.070184 25.725952
0.073878 25.721512
0.077572 25.716564
0.081266 25.711346
0.084960 25.706126
0.088654 25.701189
0.092348 25.696835
0.096042 25.693363
0.099735 25.691061
0.103429 25.690198
0.107123 25.691011
0.110817 25.693695
0.114511 25.698396
0.118205 25.705200
0.121899 25.714133
0.125593 25.725149
0.129287 25.738136
0.132981 25.752911
0.136674 25.769228
0.140368 25.786776
0.144062 25.805188
0.147756 25.824040
0.151450 25.842753
0.155144 25.864910
0.158838 25.879956
0.162532 25.896202
0.166226 25.910846
0.169920 25.923420
0.173614 25.933575
0.177307 25.941032
0.181001 25.945589
0.184695 25.947122

0.184695 25.031858
0.186829 25.029836
0.188963 25.023830
0.191096 25.014017
0.193230 25.000665
0.195364 24.984103
0.197498 24.964693
0.199631 24.942799
0.201765 24.918772
0.203899 24.892935
0.206033 24.865578
0.208166 24.836955
0.210300 24.807289
0.212434 24.776770
0.214567 24.745563
0.216701 24.713809
0.218835 24.681631
0.220969 24.649136
0.223102 24.616416
0.225236 24.583554
0.227370 24.550625
0.229503 24.517698
0.231637 24.484836
0.233771 24.452098
0.235905 24.419544
0.238038 24.387229
0.240172 24.355209
0.242306 24.323542
0.244440 24.292283
0.246573 24.261492
0.248707 24.231228
0.250841 24.201555
0.252974 24.172537
0.255108 24.144243
0.257242 24.116743
0.259376 24.090111
0.261509 24.064426
0.263643 24.039768
0.265777 24.016222
0.267911 23.993875
0.270044 23.972818
0.272178 23.953146
0.274312 23.934955
0.276446 23.918344
0.278579 23.903413
0.280713 23.890263
0.282847 23.878998
0.284980 23.869719
0.287114 23.862526
0.289248 23.857520
0.291382 23.854796

0.291382 23.854796
0.295649 23.856571
0.299916 23.868554
0.304184 23.891380
0.308451 23.925603
0.312719 23.971700
0.316986 24.030066
0.321254 24.101008
0.325521 24.184721
0.329789 24.281240
0.334056 24.390368
0.338324 24.511556
0.342591 24.643763
0.346859 24.785260
0.351126 24.933425
0.355393 25.084556
0.359661 25.233809
0.363928 25.375481
0.368196 25.503848
0.372463 25.614535
0.376731 25.705719
0.380998 25.778307
0.385266 25.834998
0.389533 25.879010
0.393800 25.913231
0.398068 25.939874
0.402335 25.960481
0.406603 25.976046
0.410870 25.987167
0.415138 25.994177
0.419405 25.997253
0.423673 25.996492
0.427940 25.991971
0.432208 25.983787
0.436475 25.972090
0.440742 25.957099
0.445010 25.939111
0.449277 25.918509
0.453545 25.895753
0.457812 25.871379
0.462080 25.845982
0.466347 25.820204
0.470615 25.794716
0.474882 25.770195
0.479150 25.747303
0.483417 25.726662
0.487685 25.708820
0.491952 25.694195
0.496219 25.682916
0.500487 25.674277
0.504754 25.669172


0.000000 25.697213
0.003694 25.703096
0.007388 25.741126
0.011082 25.816388
0.014776 25.921158
0.018469 26.052155
0.022163 26.206281
0.025857 26.380135
0.029551 26.570018
0.033245 26.772017
0.036939 26.982098
0.040633 27.196197
0.044327 27.410310
0.048021 27.620560
0.051715 27.823268
0.055409 28.015004
0.059103 28.192628
0.062796 28.353328
0.066490 28.494640
0.070184 28.614471
0.073878 28.711105
0.077572 28.783213
0.081266 28.829851
0.084960 28.850454
0.088654 28.844834
0.092348 28.813165
0.096042 28.755971
0.099735 28.674108
0.103429 28.568751
0.107123 28.441368
0.110817 28.293702
0.114511 28.127748
0.118205 27.945725
0.121899 27.750052
0.125593 27.543321
0.129287 27.328270
0.132981 27.107749
0.136674 26.884696
0.140368 26.662102
0.144062 26.442981
0.147756 26.230355
0.151450 26.027313
0.155144 25.832689
0.158838 25.659317
0.162532 25.501021
0.166226 25.362551
0.169920 25.246109
0.173614 25.153534
0.177307 25.086310
0.181001 25.045527
0.184695 25.031858

0.184695 25.947122
0.186829 25.949342
0.188963 25.955937
0.191096 25.966722
0.193230 25.981415
0.195364 25.999666
0.197498 26.021089
0.199631 26.045287
0.201765 26.071875
0.203899 26.100492
0.206033 26.130805
0.208166 26.162514
0.210300 26.195347
0.212434 26.229065
0.214567 26.263450
0.216701 26.298309
0.218835 26.333467
0.220969 26.368764
0.223102 26.404058
0.225236 26.439214
0.227370 26.474110
0.229503 26.508633
0.231637 26.542677
0.233771 26.576143
0.235905 26.608938
0.238038 26.640974
0.240172 26.672170
0.242306 26.702449
0.244440 26.731738
0.246573 26.759969
0.248707 26.787079
0.250841 26.813008
0.252974 26.837701
0.255108 26.861109
0.257242 26.883186
0.259376 26.903889
0.261509 26.923182
0.263643 26.941034
0.265777 26.957416
0.267911 26.972307
0.270044 26.985688
0.272178 26.997550
0.274312 27.007883
0.276446 27.016688
0.278579 27.023968
0.280713 27.029732
0.282847 27.033997
0.284980 27.036783
0.287114 27.038118
0.289248 27.038034
0.291382 27.036570

0.291382 27.036570
0.295649 27.029686
0.299916 27.017898
0.304184 27.001733
0.308451 26.981818
0.312719 26.958880
0.316986 26.933750
0.321254 26.907370
0.325521 26.880806
0.329789 26.855260
0.334056 26.832107
0.338324 26.812933
0.342591 26.799608
0.346859 26.794378
0.351126 26.799980
0.355393 26.819741
0.359661 26.857565
0.363928 26.917607
0.368196 27.003404
0.372463 27.116525
0.376731 27.255403
0.380998 27.415226
0.385266 27.588982
0.389533 27.768840
0.393800 27.947141
0.398068 28.116876
0.402335 28.271835
0.406603 28.406623
0.410870 28.516649
0.415138 28.598117
0.419405 28.648040
0.423673 28.664258
0.427940 28.645468
0.432208 28.591249
0.436475 28.502081
0.440742 28.379360
0.445010 28.225399
0.449277 28.043406
0.453545 27.837460
0.457812 27.612446
0.462080 27.373982
0.466347 27.128302
0.470615 26.882120
0.474882 26.642451
0.479150 26.416404
0.483417 26.210947
0.487685 26.032650
0.491952 25.887451
0.496219 25.780528
0.500487 25.716584
0.504754 25.697213


