# End points of segments: 
#   0.00000000 0.18469520 0.29138160 0.50475440 
0.000000 -0.000085
0.003694 0.262053
0.007388 0.523475
0.011082 0.783625
0.014776 1.041849
0.018469 1.297478
0.022163 1.549829
0.025857 1.798214
0.029551 2.041954
0.033245 2.280393
0.036939 2.512915
0.040633 2.738962
0.044327 2.958051
0.048021 3.169786
0.051715 3.373869
0.055409 3.570104
0.059103 3.758402
0.062796 3.938777
0.066490 4.111340
0.070184 4.276289
0.073878 4.433899
0.077572 4.584506
0.081266 4.728493
0.084960 4.866269
0.088654 4.998258
0.092348 5.124878
0.096042 5.246529
0.099735 5.363578
0.103429 5.476348
0.107123 5.585112
0.110817 5.690082
0.114511 5.791409
0.118205 5.889179
0.121899 5.983418
0.125593 6.074090
0.129287 6.161103
0.132981 6.244315
0.136674 6.323539
0.140368 6.398551
0.144062 6.469094
0.147756 6.534890
0.151450 6.595644
0.155144 6.651054
0.158838 6.700818
0.162532 6.744643
0.166226 6.782254
0.169920 6.813401
0.173614 6.837867
0.177307 6.855474
0.181001 6.866092
0.184695 6.869640

0.184695 4.264180
0.186829 4.264366
0.188963 4.264924
0.191096 4.265857
0.193230 4.267170
0.195364 4.268868
0.197498 4.270962
0.199631 4.273459
0.201765 4.276373
0.203899 4.279715
0.206033 4.283500
0.208166 4.287743
0.210300 4.292461
0.212434 4.297672
0.214567 4.303393
0.216701 4.309644
0.218835 4.316441
0.220969 4.323805
0.223102 4.331754
0.225236 4.340304
0.227370 4.349472
0.229503 4.359274
0.231637 4.369722
0.233771 4.380826
0.235905 4.392595
0.238038 4.405033
0.240172 4.418139
0.242306 4.431909
0.244440 4.446333
0.246573 4.461395
0.248707 4.477069
0.250841 4.493324
0.252974 4.510118
0.255108 4.527400
0.257242 4.545104
0.259376 4.563153
0.261509 4.581455
0.263643 4.599901
0.265777 4.618366
0.267911 4.636703
0.270044 4.654746
0.272178 4.672309
0.274312 4.689181
0.276446 4.705131
0.278579 4.719906
0.280713 4.733235
0.282847 4.744831
0.284980 4.754399
0.287114 4.761639
0.289248 4.766259
0.291382 4.767978

0.291382 4.767978
0.295649 4.761742
0.299916 4.741372
0.304184 4.706076
0.308451 4.655869
0.312719 4.591448
0.316986 4.513952
0.321254 4.424725
0.325521 4.325129
0.329789 4.216432
0.334056 4.099758
0.338324 3.976075
0.342591 3.846209
0.346859 3.710862
0.351126 3.570636
0.355393 3.426054
0.359661 3.277581
0.363928 3.125633
0.368196 2.970598
0.372463 2.812837
0.376731 2.652691
0.380998 2.490488
0.385266 2.326539
0.389533 2.161134
0.393800 1.994533
0.398068 1.826951
0.402335 1.746330
0.406603 1.629416
0.410870 1.476560
0.415138 1.348075
0.419405 1.224248
0.423673 1.115336
0.427940 0.951157
0.432208 0.893157
0.436475 0.800276
0.440742 0.683084
0.445010 0.591717
0.449277 0.496291
0.453545 0.426903
0.457812 0.353632
0.462080 0.286545
0.466347 0.215691
0.470615 0.181104
0.474882 0.127998
0.479150 0.089752
0.483417 0.049862
0.487685 0.022700
0.491952 0.005321
0.496219 -0.07571
0.500487 -0.00723
0.504754 0.002236




0.000000 -0.000085
0.003694 0.490489
0.007388 0.981084
0.011082 1.471884
0.014776 1.962968
0.018469 2.454392
0.022163 2.946180
0.025857 3.438316
0.029551 3.930738
0.033245 4.423338
0.036939 4.915952
0.040633 5.408361
0.044327 5.900290
0.048021 6.391404
0.051715 6.881311
0.055409 7.369562
0.059103 7.855651
0.062796 8.339021
0.066490 8.819064
0.070184 9.295125
0.073878 9.766506
0.077572 10.232468
0.081266 10.692241
0.084960 11.145020
0.088654 11.589975
0.092348 12.026256
0.096042 12.452993
0.099735 12.869303
0.103429 13.274299
0.107123 13.667086
0.110817 14.046776
0.114511 14.412489
0.118205 14.763362
0.121899 15.098555
0.125593 15.417262
0.129287 15.718722
0.132981 16.002227
0.136674 16.267139
0.140368 16.512901
0.144062 16.739047
0.147756 16.945223
0.151450 17.131185
0.155144 17.296818
0.158838 17.442122
0.162532 17.567216
0.166226 17.672311
0.169920 17.757685
0.173614 17.823650
0.177307 17.870508
0.181001 17.898511
0.184695 17.907826

0.184695 6.869640
0.186829 6.875044
0.188963 6.891246
0.191096 6.918217
0.193230 6.955908
0.195364 7.004248
0.197498 7.063142
0.199631 7.132468
0.201765 7.212076
0.203899 7.301785
0.206033 7.401377
0.208166 7.510600
0.210300 7.629164
0.212434 7.756737
0.214567 7.892949
0.216701 8.037387
0.218835 8.189597
0.220969 8.349085
0.223102 8.515317
0.225236 8.687723
0.227370 8.865694
0.229503 9.048588
0.231637 9.235730
0.233771 9.426417
0.235905 9.619915
0.238038 9.815467
0.240172 10.012293
0.242306 10.209591
0.244440 10.406542
0.246573 10.602311
0.248707 10.796050
0.250841 10.986899
0.252974 11.173993
0.255108 11.356461
0.257242 11.533435
0.259376 11.704049
0.261509 11.867450
0.263643 12.022805
0.265777 12.169307
0.267911 12.306186
0.270044 12.432720
0.272178 12.548250
0.274312 12.652189
0.276446 12.744041
0.278579 12.823405
0.280713 12.889995
0.282847 12.943637
0.284980 12.984283
0.287114 13.012000
0.289248 13.026974
0.291382 13.029491

0.291382 6.756906
0.295649 6.764880
0.299916 6.790677
0.304184 6.835036
0.308451 6.897827
0.312719 6.978186
0.316986 7.074751
0.321254 7.185911
0.325521 7.309993
0.329789 7.445378
0.334056 7.590562
0.338324 7.744169
0.342591 7.904948
0.346859 8.071759
0.351126 8.243557
0.355393 8.419375
0.359661 8.598314
0.363928 8.779530
0.368196 8.962227
0.372463 9.145655
0.376731 9.329100
0.380998 9.511887
0.385266 9.693374
0.389533 9.872953
0.393800 10.050049
0.398068 10.224120
0.402335 10.394656
0.406603 10.561178
0.410870 10.723239
0.415138 10.880425
0.419405 11.032349
0.423673 11.178659
0.427940 11.319028
0.432208 11.453160
0.436475 11.580787
0.440742 11.701664
0.445010 11.815576
0.449277 11.922326
0.453545 12.021745
0.457812 12.113679
0.462080 12.197997
0.466347 12.274585
0.470615 12.343345
0.474882 12.404191
0.479150 12.457054
0.483417 12.501877
0.487685 12.538610
0.491952 12.567218
0.496219 12.587671
0.500487 12.599951
0.504754 12.604046


0.000000 0.003236
0.003694 0.019090
0.007388 0.038557
0.011082 0.059652
0.014776 0.079960
0.018469 0.109015
0.022163 0.142528
0.025857 0.173012
0.029551 0.208563
0.033245 0.248109
0.036939 0.292810
0.040633 0.341791
0.044327 0.395151
0.048021 0.452971
0.051715 0.515316
0.055409 0.582239
0.059103 0.653783
0.062796 0.729981
0.066490 0.810856
0.070184 0.896421
0.073878 0.986679
0.077572 1.061618
0.081266 1.171213
0.084960 1.225422
0.088654 1.374186
0.092348 1.487420
0.096042 1.605018
0.099735 1.726844
0.103429 1.792731
0.107123 1.942475
0.110817 2.085830
0.114511 2.232506
0.118205 2.392160
0.121899 2.454390
0.125593 2.598727
0.129287 2.744626
0.132981 2.961454
0.136674 3.118477
0.140368 3.254843
0.144062 3.429563
0.147756 3.521488
0.151450 3.692185
0.155144 3.730685
0.158838 3.842387
0.162532 3.944799
0.166226 4.036195
0.169920 4.114704
0.173614 4.178407
0.177307 4.225485
0.181001 4.254416
0.184695 4.264180

0.184695 7.706982
0.186829 7.706371
0.188963 7.704538
0.191096 7.701485
0.193230 7.697215
0.195364 7.691733
0.197498 7.685043
0.199631 7.677153
0.201765 7.668071
0.203899 7.657806
0.206033 7.646369
0.208166 7.633773
0.210300 7.620031
0.212434 7.605160
0.214567 7.589178
0.216701 7.572103
0.218835 7.553957
0.220969 7.534764
0.223102 7.514551
0.225236 7.493345
0.227370 7.471178
0.229503 7.448085
0.231637 7.424103
0.233771 7.399274
0.235905 7.373643
0.238038 7.347259
0.240172 7.320176
0.242306 7.292454
0.244440 7.264158
0.246573 7.235359
0.248707 7.206136
0.250841 7.176574
0.252974 7.146771
0.255108 7.116829
0.257242 7.086865
0.259376 7.057007
0.261509 7.027395
0.263643 6.998185
0.265777 6.969548
0.267911 6.941672
0.270044 6.914764
0.272178 6.889050
0.274312 6.864774
0.276446 6.842201
0.278579 6.821612
0.280713 6.803305
0.282847 6.787590
0.284980 6.774783
0.287114 6.765199
0.289248 6.759144
0.291382 6.756906

0.291382 13.029491
0.295649 12.998756
0.299916 12.923680
0.304184 12.808882
0.308451 12.659294
0.312719 12.479849
0.316986 12.275301
0.321254 12.050138
0.325521 11.808554
0.329789 11.554448
0.334056 11.291417
0.338324 11.022749
0.342591 10.751403
0.346859 10.479974
0.351126 10.210664
0.355393 9.945242
0.359661 9.685024
0.363928 9.430859
0.368196 9.183140
0.372463 8.941821
0.376731 8.706465
0.380998 8.476300
0.385266 8.250278
0.389533 8.027152
0.393800 7.805538
0.398068 7.583987
0.402335 7.361038
0.406603 7.135271
0.410870 6.905348
0.415138 6.670043
0.419405 6.428271
0.423673 6.179103
0.427940 5.921780
0.432208 5.655721
0.436475 5.380526
0.440742 5.095981
0.445010 4.802053
0.449277 4.498886
0.453545 4.186795
0.457812 3.866251
0.462080 3.537867
0.466347 3.202371
0.470615 2.860582
0.474882 2.513372
0.479150 2.161633
0.483417 1.806237
0.487685 1.448001
0.491952 1.087662
0.496219 0.725861
0.500487 0.363148
0.504754 -0.000085


0.000000 12.604046
0.003694 12.600980
0.007388 12.591786
0.011082 12.576470
0.014776 12.555041
0.018469 12.527515
0.022163 12.493912
0.025857 12.454255
0.029551 12.408576
0.033245 12.356911
0.036939 12.299303
0.040633 12.235803
0.044327 12.166469
0.048021 12.091371
0.051715 12.010585
0.055409 11.924199
0.059103 11.832314
0.062796 11.735042
0.066490 11.632509
0.070184 11.524854
0.073878 11.412234
0.077572 11.294820
0.081266 11.172802
0.084960 11.046387
0.088654 10.915803
0.092348 10.781299
0.096042 10.643145
0.099735 10.501635
0.103429 10.357089
0.107123 10.209853
0.110817 10.060305
0.114511 9.908854
0.118205 9.755946
0.121899 9.602068
0.125593 9.447754
0.129287 9.293592
0.132981 9.140233
0.136674 8.988402
0.140368 8.838914
0.144062 8.692689
0.147756 8.550769
0.151450 8.414344
0.155144 8.284770
0.158838 8.163587
0.162532 8.052524
0.166226 7.953483
0.169920 7.868493
0.173614 7.799607
0.177307 7.748748
0.181001 7.717518
0.184695 7.706982

0.184695 17.907826
0.186829 17.907858
0.188963 17.907952
0.191096 17.908097
0.193230 17.908276
0.195364 17.908466
0.197498 17.908636
0.199631 17.908752
0.201765 17.908771
0.203899 17.908649
0.206033 17.908335
0.208166 17.907774
0.210300 17.906910
0.212434 17.905684
0.214567 17.904034
0.216701 17.901901
0.218835 17.899225
0.220969 17.895945
0.223102 17.892007
0.225236 17.887359
0.227370 17.881954
0.229503 17.875752
0.231637 17.868720
0.233771 17.860835
0.235905 17.852084
0.238038 17.842467
0.240172 17.831996
0.242306 17.820699
0.244440 17.808619
0.246573 17.795816
0.248707 17.782370
0.250841 17.768376
0.252974 17.753951
0.255108 17.739229
0.257242 17.724358
0.259376 17.709506
0.261509 17.694847
0.263643 17.680565
0.265777 17.666843
0.267911 17.653856
0.270044 17.641764
0.272178 17.630701
0.274312 17.620760
0.276446 17.611986
0.278579 17.604368
0.280713 17.597822
0.282847 17.592195
0.284980 17.587255
0.287114 17.582699
0.289248 17.578157
0.291382 17.573203

0.291382 17.573203
0.295649 17.560156
0.299916 17.539571
0.304184 17.507510
0.308451 17.460483
0.312719 17.395693
0.316986 17.311142
0.321254 17.205606
0.325521 17.078547
0.329789 16.929987
0.334056 16.760378
0.338324 16.570489
0.342591 16.361299
0.346859 16.133924
0.351126 15.889557
0.355393 15.629425
0.359661 15.354753
0.363928 15.066743
0.368196 14.766548
0.372463 14.455256
0.376731 14.133865
0.380998 13.803263
0.385266 13.464208
0.389533 13.117305
0.393800 12.762986
0.398068 12.401503
0.402335 12.032913
0.406603 11.657084
0.410870 11.273698
0.415138 10.882273
0.419405 10.482184
0.423673 10.072701
0.427940 9.653022
0.432208 9.222318
0.436475 8.779780
0.440742 8.324657
0.445010 7.856305
0.449277 7.374218
0.453545 6.878063
0.457812 6.367709
0.462080 5.843240
0.466347 5.304971
0.470615 4.753450
0.474882 4.189458
0.479150 3.613999
0.483417 3.028283
0.487685 2.433712
0.491952 1.831849
0.496219 1.224394
0.500487 0.613153
0.504754 -0.000085


0.000000 25.423807
0.003694 25.426323
0.007388 25.429130
0.011082 25.432221
0.014776 25.436108
0.018469 25.440824
0.022163 25.446288
0.025857 25.452373
0.029551 25.458934
0.033245 25.465815
0.036939 25.472859
0.040633 25.479915
0.044327 25.486843
0.048021 25.493521
0.051715 25.499852
0.055409 25.505762
0.059103 25.511213
0.062796 25.516196
0.066490 25.520740
0.070184 25.524906
0.073878 25.528788
0.077572 25.532513
0.081266 25.536231
0.084960 25.540115
0.088654 25.544354
0.092348 25.549143
0.096042 25.554679
0.099735 25.561151
0.103429 25.568733
0.107123 25.577576
0.110817 25.587798
0.114511 25.599480
0.118205 25.612660
0.121899 25.627325
0.125593 25.643409
0.129287 25.660790
0.132981 25.679286
0.136674 25.698656
0.140368 25.718587
0.144062 25.738677
0.147756 25.758364
0.151450 25.776632
0.155144 25.790097
0.158838 25.768762
0.162532 25.659184
0.166226 25.544492
0.169920 25.446646
0.173614 25.368949
0.177307 25.312735
0.181001 25.278743
0.184695 25.267370

0.184695 25.267370
0.186829 25.264467
0.188963 25.255963
0.191096 25.242414
0.193230 25.224588
0.195364 25.203314
0.197498 25.179376
0.199631 25.153452
0.201765 25.126105
0.203899 25.097783
0.206033 25.068844
0.208166 25.039566
0.210300 25.010168
0.212434 24.980824
0.214567 24.951668
0.216701 24.922812
0.218835 24.894343
0.220969 24.866333
0.223102 24.838839
0.225236 24.811910
0.227370 24.785587
0.229503 24.759901
0.231637 24.734881
0.233771 24.710548
0.235905 24.686922
0.238038 24.664015
0.240172 24.641839
0.242306 24.620400
0.244440 24.599704
0.246573 24.579753
0.248707 24.560545
0.250841 24.542080
0.252974 24.524352
0.255108 24.507359
0.257242 24.491094
0.259376 24.475552
0.261509 24.460730
0.263643 24.446626
0.265777 24.433238
0.267911 24.420569
0.270044 24.408625
0.272178 24.397417
0.274312 24.386959
0.276446 24.377271
0.278579 24.368378
0.280713 24.360312
0.282847 24.353109
0.284980 24.346812
0.287114 24.341470
0.289248 24.337136
0.291382 24.333869

0.291382 24.333869
0.295649 24.330802
0.299916 24.332836
0.304184 24.340600
0.308451 24.354774
0.312719 24.376078
0.316986 24.405259
0.321254 24.443072
0.325521 24.490240
0.329789 24.547408
0.334056 24.615059
0.338324 24.693404
0.342591 24.782249
0.346859 24.880837
0.351126 24.987677
0.355393 25.100404
0.359661 25.215724
0.363928 25.329553
0.368196 25.437443
0.372463 25.535324
0.376731 25.620324
0.380998 25.691267
0.385266 25.748563
0.389533 25.793640
0.393800 25.828281
0.398068 25.854161
0.402335 25.872637
0.406603 25.884708
0.410870 25.891067
0.415138 25.892186
0.419405 25.888392
0.423673 25.879943
0.427940 25.867075
0.432208 25.850050
0.436475 25.829174
0.440742 25.804823
0.445010 25.777444
0.449277 25.747562
0.453545 25.715770
0.457812 25.682724
0.462080 25.649128
0.466347 25.615719
0.470615 25.583247
0.474882 25.552457
0.479150 25.524067
0.483417 25.498747
0.487685 25.477095
0.491952 25.459597
0.496219 25.446498
0.500487 25.436203
0.504754 25.423807


0.000000 25.440578
0.003694 25.455540
0.007388 25.504754
0.011082 25.586988
0.014776 25.699728
0.018469 25.840239
0.022163 26.005308
0.025857 26.191279
0.029551 26.394154
0.033245 26.609703
0.036939 26.833580
0.040633 27.061421
0.044327 27.288944
0.048021 27.512028
0.051715 27.726785
0.055409 27.929615
0.059103 28.117254
0.062796 28.286806
0.066490 28.435770
0.070184 28.562056
0.073878 28.663996
0.077572 28.740344
0.081266 28.790276
0.084960 28.813380
0.088654 28.809649
0.092348 28.779461
0.096042 28.723564
0.099735 28.643056
0.103429 28.539360
0.107123 28.414197
0.110817 28.269562
0.114511 28.107695
0.118205 27.931043
0.121899 27.742234
0.125593 27.544040
0.129287 27.339339
0.132981 27.131077
0.136674 26.922235
0.140368 26.715792
0.144062 26.514708
0.147756 26.321955
0.151450 26.140780
0.155144 25.976583
0.158838 25.861141
0.162532 25.849422
0.166226 25.859569
0.169920 25.870639
0.173614 25.880111
0.177307 25.887217
0.181001 25.891600
0.184695 25.893080

0.184695 25.893080
0.186829 25.896769
0.188963 25.907629
0.191096 25.925089
0.193230 25.948358
0.195364 25.976574
0.197498 26.008915
0.199631 26.044651
0.201765 26.083166
0.203899 26.123945
0.206033 26.166562
0.208166 26.210659
0.210300 26.255936
0.212434 26.302130
0.214567 26.349014
0.216701 26.396381
0.218835 26.444043
0.220969 26.491826
0.223102 26.539566
0.225236 26.587111
0.227370 26.634311
0.229503 26.681026
0.231637 26.727121
0.233771 26.772466
0.235905 26.816936
0.238038 26.860412
0.240172 26.902780
0.242306 26.943932
0.244440 26.983765
0.246573 27.022183
0.248707 27.059096
0.250841 27.094419
0.252974 27.128076
0.255108 27.159996
0.257242 27.190115
0.259376 27.218378
0.261509 27.244733
0.263643 27.269140
0.265777 27.291561
0.267911 27.311968
0.270044 27.330339
0.272178 27.346658
0.274312 27.360917
0.276446 27.373114
0.278579 27.383253
0.280713 27.391344
0.282847 27.397406
0.284980 27.401463
0.287114 27.403544
0.289248 27.403686
0.291382 27.401934

0.291382 27.401934
0.295649 27.392957
0.299916 27.377104
0.304184 27.354989
0.308451 27.327351
0.312719 27.295065
0.316986 27.259147
0.321254 27.220757
0.325521 27.181206
0.329789 27.141960
0.334056 27.104652
0.338324 27.071094
0.342591 27.043309
0.346859 27.023560
0.351126 27.014402
0.355393 27.018695
0.359661 27.039565
0.363928 27.080186
0.368196 27.143308
0.372463 27.230515
0.376731 27.341433
0.380998 27.473310
0.385266 27.621230
0.389533 27.778820
0.393800 27.939065
0.398068 28.094943
0.402335 28.239812
0.406603 28.367618
0.410870 28.473013
0.415138 28.551424
0.419405 28.599112
0.423673 28.613220
0.427940 28.591823
0.432208 28.533970
0.436475 28.439714
0.440742 28.310134
0.445010 28.147342
0.449277 27.954470
0.453545 27.735642
0.457812 27.495915
0.462080 27.241190
0.466347 26.978103
0.470615 26.713861
0.474882 26.456054
0.479150 26.212421
0.483417 25.990579
0.487685 25.797735
0.491952 25.640385
0.496219 25.524130
0.500487 25.454976
0.504754 25.440578


